2018/10/19 09:58:29 [error] [system.db.CDbCommand] CDbCommand::execute() failed: SQLSTATE[42S22]: Column not found: 1054 Unknown column 'category' in 'field list'. The SQL statement executed was: INSERT INTO `product` (`product_id`, `product_name`, `product_detail`, `product_price`, `category`, `brand`, `status`, `type_id`, `d_update`) VALUES (:product_id, :product_name, :product_detail, :product_price, :category, :brand, :status, :type_id, :d_update).
in /Applications/MAMP/htdocs/shopping_cart/protected/controllers/backend/ProductController.php (74)
in /Applications/MAMP/htdocs/shopping_cart/index.php (14)
2018/10/19 09:58:29 [error] [exception.CDbException] exception 'CDbException' with message 'CDbCommand failed to execute the SQL statement: SQLSTATE[42S22]: Column not found: 1054 Unknown column 'category' in 'field list'. The SQL statement executed was: INSERT INTO `product` (`product_id`, `product_name`, `product_detail`, `product_price`, `category`, `brand`, `status`, `type_id`, `d_update`) VALUES (:product_id, :product_name, :product_detail, :product_price, :category, :brand, :status, :type_id, :d_update)' in /Applications/MAMP/htdocs/shopping_cart/framework/db/CDbCommand.php:358
Stack trace:
#0 /Applications/MAMP/htdocs/shopping_cart/framework/db/CDbCommand.php(1250): CDbCommand->execute(Array)
#1 /Applications/MAMP/htdocs/shopping_cart/protected/controllers/backend/ProductController.php(74): CDbCommand->insert('product', Array)
#2 /Applications/MAMP/htdocs/shopping_cart/framework/web/actions/CInlineAction.php(49): ProductController->actionSave()
#3 /Applications/MAMP/htdocs/shopping_cart/framework/web/CController.php(308): CInlineAction->runWithParams(Array)
#4 /Applications/MAMP/htdocs/shopping_cart/framework/web/CController.php(286): CController->runAction(Object(CInlineAction))
#5 /Applications/MAMP/htdocs/shopping_cart/framework/web/CController.php(265): CController->runActionWithFilters(Object(CInlineAction), Array)
#6 /Applications/MAMP/htdocs/shopping_cart/framework/web/CWebApplication.php(282): CController->run('save')
#7 /Applications/MAMP/htdocs/shopping_cart/framework/web/CWebApplication.php(141): CWebApplication->runController('backend/product...')
#8 /Applications/MAMP/htdocs/shopping_cart/framework/base/CApplication.php(180): CWebApplication->processRequest()
#9 /Applications/MAMP/htdocs/shopping_cart/index.php(14): CApplication->run()
#10 {main}
REQUEST_URI=/shopping_cart/index.php?r=backend/product/save
---
2018/10/19 09:59:45 [error] [system.db.CDbCommand] CDbCommand::execute() failed: SQLSTATE[23000]: Integrity constraint violation: 1048 Column 'product_id' cannot be null. The SQL statement executed was: INSERT INTO `product` (`product_id`, `product_name`, `product_detail`, `product_price`, `category`, `brand`, `status`, `type_id`, `d_update`) VALUES (:product_id, :product_name, :product_detail, :product_price, :category, :brand, :status, :type_id, :d_update).
in /Applications/MAMP/htdocs/shopping_cart/protected/controllers/backend/ProductController.php (74)
in /Applications/MAMP/htdocs/shopping_cart/index.php (14)
2018/10/19 09:59:45 [error] [exception.CDbException] exception 'CDbException' with message 'CDbCommand failed to execute the SQL statement: SQLSTATE[23000]: Integrity constraint violation: 1048 Column 'product_id' cannot be null. The SQL statement executed was: INSERT INTO `product` (`product_id`, `product_name`, `product_detail`, `product_price`, `category`, `brand`, `status`, `type_id`, `d_update`) VALUES (:product_id, :product_name, :product_detail, :product_price, :category, :brand, :status, :type_id, :d_update)' in /Applications/MAMP/htdocs/shopping_cart/framework/db/CDbCommand.php:358
Stack trace:
#0 /Applications/MAMP/htdocs/shopping_cart/framework/db/CDbCommand.php(1250): CDbCommand->execute(Array)
#1 /Applications/MAMP/htdocs/shopping_cart/protected/controllers/backend/ProductController.php(74): CDbCommand->insert('product', Array)
#2 /Applications/MAMP/htdocs/shopping_cart/framework/web/actions/CInlineAction.php(49): ProductController->actionSave()
#3 /Applications/MAMP/htdocs/shopping_cart/framework/web/CController.php(308): CInlineAction->runWithParams(Array)
#4 /Applications/MAMP/htdocs/shopping_cart/framework/web/CController.php(286): CController->runAction(Object(CInlineAction))
#5 /Applications/MAMP/htdocs/shopping_cart/framework/web/CController.php(265): CController->runActionWithFilters(Object(CInlineAction), Array)
#6 /Applications/MAMP/htdocs/shopping_cart/framework/web/CWebApplication.php(282): CController->run('save')
#7 /Applications/MAMP/htdocs/shopping_cart/framework/web/CWebApplication.php(141): CWebApplication->runController('backend/product...')
#8 /Applications/MAMP/htdocs/shopping_cart/framework/base/CApplication.php(180): CWebApplication->processRequest()
#9 /Applications/MAMP/htdocs/shopping_cart/index.php(14): CApplication->run()
#10 {main}
REQUEST_URI=/shopping_cart/index.php?r=backend/product/save
---
2018/10/19 10:06:31 [error] [php] Undefined index: categoryname (/Applications/MAMP/htdocs/shopping_cart/protected/views/backend/product/detail_product.php:63)
Stack trace:
#0 /Applications/MAMP/htdocs/shopping_cart/framework/web/CController.php(869): ProductController->renderFile()
#1 /Applications/MAMP/htdocs/shopping_cart/framework/web/CController.php(782): ProductController->renderPartial()
#2 /Applications/MAMP/htdocs/shopping_cart/protected/controllers/backend/ProductController.php(115): ProductController->render()
#3 /Applications/MAMP/htdocs/shopping_cart/framework/web/actions/CInlineAction.php(49): ProductController->actionDetail_product()
#4 /Applications/MAMP/htdocs/shopping_cart/framework/web/CController.php(308): CInlineAction->runWithParams()
#5 /Applications/MAMP/htdocs/shopping_cart/framework/web/CController.php(286): ProductController->runAction()
#6 /Applications/MAMP/htdocs/shopping_cart/framework/web/CController.php(265): ProductController->runActionWithFilters()
#7 /Applications/MAMP/htdocs/shopping_cart/framework/web/CWebApplication.php(282): ProductController->run()
#8 /Applications/MAMP/htdocs/shopping_cart/framework/web/CWebApplication.php(141): CWebApplication->runController()
#9 /Applications/MAMP/htdocs/shopping_cart/framework/base/CApplication.php(180): CWebApplication->processRequest()
#10 /Applications/MAMP/htdocs/shopping_cart/index.php(14): CWebApplication->run()
REQUEST_URI=/shopping_cart/index.php?r=backend/product/detail_product&product_id=P20181019100013
in /Applications/MAMP/htdocs/shopping_cart/protected/views/backend/product/detail_product.php (63)
in /Applications/MAMP/htdocs/shopping_cart/protected/controllers/backend/ProductController.php (115)
in /Applications/MAMP/htdocs/shopping_cart/index.php (14)
2018/10/19 10:07:21 [error] [php] Undefined index: categoryname (/Applications/MAMP/htdocs/shopping_cart/protected/views/backend/product/detail_product.php:63)
Stack trace:
#0 /Applications/MAMP/htdocs/shopping_cart/framework/web/CController.php(869): ProductController->renderFile()
#1 /Applications/MAMP/htdocs/shopping_cart/framework/web/CController.php(782): ProductController->renderPartial()
#2 /Applications/MAMP/htdocs/shopping_cart/protected/controllers/backend/ProductController.php(115): ProductController->render()
#3 /Applications/MAMP/htdocs/shopping_cart/framework/web/actions/CInlineAction.php(49): ProductController->actionDetail_product()
#4 /Applications/MAMP/htdocs/shopping_cart/framework/web/CController.php(308): CInlineAction->runWithParams()
#5 /Applications/MAMP/htdocs/shopping_cart/framework/web/CController.php(286): ProductController->runAction()
#6 /Applications/MAMP/htdocs/shopping_cart/framework/web/CController.php(265): ProductController->runActionWithFilters()
#7 /Applications/MAMP/htdocs/shopping_cart/framework/web/CWebApplication.php(282): ProductController->run()
#8 /Applications/MAMP/htdocs/shopping_cart/framework/web/CWebApplication.php(141): CWebApplication->runController()
#9 /Applications/MAMP/htdocs/shopping_cart/framework/base/CApplication.php(180): CWebApplication->processRequest()
#10 /Applications/MAMP/htdocs/shopping_cart/index.php(14): CWebApplication->run()
REQUEST_URI=/shopping_cart/index.php?r=backend/product/detail_product&product_id=P20181019100013
in /Applications/MAMP/htdocs/shopping_cart/protected/views/backend/product/detail_product.php (63)
in /Applications/MAMP/htdocs/shopping_cart/protected/controllers/backend/ProductController.php (115)
in /Applications/MAMP/htdocs/shopping_cart/index.php (14)
2018/10/19 10:09:59 [error] [php] Undefined index: categoryname (/Applications/MAMP/htdocs/shopping_cart/protected/views/backend/product/detail_product.php:63)
Stack trace:
#0 /Applications/MAMP/htdocs/shopping_cart/framework/web/CController.php(869): ProductController->renderFile()
#1 /Applications/MAMP/htdocs/shopping_cart/framework/web/CController.php(782): ProductController->renderPartial()
#2 /Applications/MAMP/htdocs/shopping_cart/protected/controllers/backend/ProductController.php(115): ProductController->render()
#3 /Applications/MAMP/htdocs/shopping_cart/framework/web/actions/CInlineAction.php(49): ProductController->actionDetail_product()
#4 /Applications/MAMP/htdocs/shopping_cart/framework/web/CController.php(308): CInlineAction->runWithParams()
#5 /Applications/MAMP/htdocs/shopping_cart/framework/web/CController.php(286): ProductController->runAction()
#6 /Applications/MAMP/htdocs/shopping_cart/framework/web/CController.php(265): ProductController->runActionWithFilters()
#7 /Applications/MAMP/htdocs/shopping_cart/framework/web/CWebApplication.php(282): ProductController->run()
#8 /Applications/MAMP/htdocs/shopping_cart/framework/web/CWebApplication.php(141): CWebApplication->runController()
#9 /Applications/MAMP/htdocs/shopping_cart/framework/base/CApplication.php(180): CWebApplication->processRequest()
#10 /Applications/MAMP/htdocs/shopping_cart/index.php(14): CWebApplication->run()
REQUEST_URI=/shopping_cart/index.php?r=backend/product/detail_product&product_id=P20181019100013
in /Applications/MAMP/htdocs/shopping_cart/protected/views/backend/product/detail_product.php (63)
in /Applications/MAMP/htdocs/shopping_cart/protected/controllers/backend/ProductController.php (115)
in /Applications/MAMP/htdocs/shopping_cart/index.php (14)
2018/10/19 10:10:06 [error] [php] Undefined index: category (/Applications/MAMP/htdocs/shopping_cart/protected/views/backend/product/detail_product.php:63)
Stack trace:
#0 /Applications/MAMP/htdocs/shopping_cart/framework/web/CController.php(869): ProductController->renderFile()
#1 /Applications/MAMP/htdocs/shopping_cart/framework/web/CController.php(782): ProductController->renderPartial()
#2 /Applications/MAMP/htdocs/shopping_cart/protected/controllers/backend/ProductController.php(115): ProductController->render()
#3 /Applications/MAMP/htdocs/shopping_cart/framework/web/actions/CInlineAction.php(49): ProductController->actionDetail_product()
#4 /Applications/MAMP/htdocs/shopping_cart/framework/web/CController.php(308): CInlineAction->runWithParams()
#5 /Applications/MAMP/htdocs/shopping_cart/framework/web/CController.php(286): ProductController->runAction()
#6 /Applications/MAMP/htdocs/shopping_cart/framework/web/CController.php(265): ProductController->runActionWithFilters()
#7 /Applications/MAMP/htdocs/shopping_cart/framework/web/CWebApplication.php(282): ProductController->run()
#8 /Applications/MAMP/htdocs/shopping_cart/framework/web/CWebApplication.php(141): CWebApplication->runController()
#9 /Applications/MAMP/htdocs/shopping_cart/framework/base/CApplication.php(180): CWebApplication->processRequest()
#10 /Applications/MAMP/htdocs/shopping_cart/index.php(14): CWebApplication->run()
REQUEST_URI=/shopping_cart/index.php?r=backend/product/detail_product&product_id=P20181019100013
in /Applications/MAMP/htdocs/shopping_cart/protected/views/backend/product/detail_product.php (63)
in /Applications/MAMP/htdocs/shopping_cart/protected/controllers/backend/ProductController.php (115)
in /Applications/MAMP/htdocs/shopping_cart/index.php (14)
2018/10/19 10:11:24 [error] [php] Undefined index: category (/Applications/MAMP/htdocs/shopping_cart/protected/views/backend/product/detail_product.php:63)
Stack trace:
#0 /Applications/MAMP/htdocs/shopping_cart/framework/web/CController.php(869): ProductController->renderFile()
#1 /Applications/MAMP/htdocs/shopping_cart/framework/web/CController.php(782): ProductController->renderPartial()
#2 /Applications/MAMP/htdocs/shopping_cart/protected/controllers/backend/ProductController.php(115): ProductController->render()
#3 /Applications/MAMP/htdocs/shopping_cart/framework/web/actions/CInlineAction.php(49): ProductController->actionDetail_product()
#4 /Applications/MAMP/htdocs/shopping_cart/framework/web/CController.php(308): CInlineAction->runWithParams()
#5 /Applications/MAMP/htdocs/shopping_cart/framework/web/CController.php(286): ProductController->runAction()
#6 /Applications/MAMP/htdocs/shopping_cart/framework/web/CController.php(265): ProductController->runActionWithFilters()
#7 /Applications/MAMP/htdocs/shopping_cart/framework/web/CWebApplication.php(282): ProductController->run()
#8 /Applications/MAMP/htdocs/shopping_cart/framework/web/CWebApplication.php(141): CWebApplication->runController()
#9 /Applications/MAMP/htdocs/shopping_cart/framework/base/CApplication.php(180): CWebApplication->processRequest()
#10 /Applications/MAMP/htdocs/shopping_cart/index.php(14): CWebApplication->run()
REQUEST_URI=/shopping_cart/index.php?r=backend/product/detail_product&product_id=P20181019100013
in /Applications/MAMP/htdocs/shopping_cart/protected/views/backend/product/detail_product.php (63)
in /Applications/MAMP/htdocs/shopping_cart/protected/controllers/backend/ProductController.php (115)
in /Applications/MAMP/htdocs/shopping_cart/index.php (14)
2018/10/19 10:11:50 [error] [php] Undefined index: categoryname (/Applications/MAMP/htdocs/shopping_cart/protected/views/backend/product/detail_product.php:63)
Stack trace:
#0 /Applications/MAMP/htdocs/shopping_cart/framework/web/CController.php(869): ProductController->renderFile()
#1 /Applications/MAMP/htdocs/shopping_cart/framework/web/CController.php(782): ProductController->renderPartial()
#2 /Applications/MAMP/htdocs/shopping_cart/protected/controllers/backend/ProductController.php(115): ProductController->render()
#3 /Applications/MAMP/htdocs/shopping_cart/framework/web/actions/CInlineAction.php(49): ProductController->actionDetail_product()
#4 /Applications/MAMP/htdocs/shopping_cart/framework/web/CController.php(308): CInlineAction->runWithParams()
#5 /Applications/MAMP/htdocs/shopping_cart/framework/web/CController.php(286): ProductController->runAction()
#6 /Applications/MAMP/htdocs/shopping_cart/framework/web/CController.php(265): ProductController->runActionWithFilters()
#7 /Applications/MAMP/htdocs/shopping_cart/framework/web/CWebApplication.php(282): ProductController->run()
#8 /Applications/MAMP/htdocs/shopping_cart/framework/web/CWebApplication.php(141): CWebApplication->runController()
#9 /Applications/MAMP/htdocs/shopping_cart/framework/base/CApplication.php(180): CWebApplication->processRequest()
#10 /Applications/MAMP/htdocs/shopping_cart/index.php(14): CWebApplication->run()
REQUEST_URI=/shopping_cart/index.php?r=backend/product/detail_product&product_id=P20181019100013
in /Applications/MAMP/htdocs/shopping_cart/protected/views/backend/product/detail_product.php (63)
in /Applications/MAMP/htdocs/shopping_cart/protected/controllers/backend/ProductController.php (115)
in /Applications/MAMP/htdocs/shopping_cart/index.php (14)
2018/10/19 10:11:59 [error] [php] Undefined index: branname (/Applications/MAMP/htdocs/shopping_cart/protected/views/backend/product/detail_product.php:65)
Stack trace:
#0 /Applications/MAMP/htdocs/shopping_cart/framework/web/CController.php(869): ProductController->renderFile()
#1 /Applications/MAMP/htdocs/shopping_cart/framework/web/CController.php(782): ProductController->renderPartial()
#2 /Applications/MAMP/htdocs/shopping_cart/protected/controllers/backend/ProductController.php(115): ProductController->render()
#3 /Applications/MAMP/htdocs/shopping_cart/framework/web/actions/CInlineAction.php(49): ProductController->actionDetail_product()
#4 /Applications/MAMP/htdocs/shopping_cart/framework/web/CController.php(308): CInlineAction->runWithParams()
#5 /Applications/MAMP/htdocs/shopping_cart/framework/web/CController.php(286): ProductController->runAction()
#6 /Applications/MAMP/htdocs/shopping_cart/framework/web/CController.php(265): ProductController->runActionWithFilters()
#7 /Applications/MAMP/htdocs/shopping_cart/framework/web/CWebApplication.php(282): ProductController->run()
#8 /Applications/MAMP/htdocs/shopping_cart/framework/web/CWebApplication.php(141): CWebApplication->runController()
#9 /Applications/MAMP/htdocs/shopping_cart/framework/base/CApplication.php(180): CWebApplication->processRequest()
#10 /Applications/MAMP/htdocs/shopping_cart/index.php(14): CWebApplication->run()
REQUEST_URI=/shopping_cart/index.php?r=backend/product/detail_product&product_id=P20181019100013
in /Applications/MAMP/htdocs/shopping_cart/protected/views/backend/product/detail_product.php (65)
in /Applications/MAMP/htdocs/shopping_cart/protected/controllers/backend/ProductController.php (115)
in /Applications/MAMP/htdocs/shopping_cart/index.php (14)
2018/10/19 10:12:11 [error] [php] Undefined index: categoryname (/Applications/MAMP/htdocs/shopping_cart/protected/views/backend/product/detail_product.php:63)
Stack trace:
#0 /Applications/MAMP/htdocs/shopping_cart/framework/web/CController.php(869): ProductController->renderFile()
#1 /Applications/MAMP/htdocs/shopping_cart/framework/web/CController.php(782): ProductController->renderPartial()
#2 /Applications/MAMP/htdocs/shopping_cart/protected/controllers/backend/ProductController.php(115): ProductController->render()
#3 /Applications/MAMP/htdocs/shopping_cart/framework/web/actions/CInlineAction.php(49): ProductController->actionDetail_product()
#4 /Applications/MAMP/htdocs/shopping_cart/framework/web/CController.php(308): CInlineAction->runWithParams()
#5 /Applications/MAMP/htdocs/shopping_cart/framework/web/CController.php(286): ProductController->runAction()
#6 /Applications/MAMP/htdocs/shopping_cart/framework/web/CController.php(265): ProductController->runActionWithFilters()
#7 /Applications/MAMP/htdocs/shopping_cart/framework/web/CWebApplication.php(282): ProductController->run()
#8 /Applications/MAMP/htdocs/shopping_cart/framework/web/CWebApplication.php(141): CWebApplication->runController()
#9 /Applications/MAMP/htdocs/shopping_cart/framework/base/CApplication.php(180): CWebApplication->processRequest()
#10 /Applications/MAMP/htdocs/shopping_cart/index.php(14): CWebApplication->run()
REQUEST_URI=/shopping_cart/index.php?r=backend/product/detail_product&product_id=P20181019100013
in /Applications/MAMP/htdocs/shopping_cart/protected/views/backend/product/detail_product.php (63)
in /Applications/MAMP/htdocs/shopping_cart/protected/controllers/backend/ProductController.php (115)
in /Applications/MAMP/htdocs/shopping_cart/index.php (14)
2018/10/19 10:12:17 [error] [php] Undefined index: brandname (/Applications/MAMP/htdocs/shopping_cart/protected/views/backend/product/detail_product.php:65)
Stack trace:
#0 /Applications/MAMP/htdocs/shopping_cart/framework/web/CController.php(869): ProductController->renderFile()
#1 /Applications/MAMP/htdocs/shopping_cart/framework/web/CController.php(782): ProductController->renderPartial()
#2 /Applications/MAMP/htdocs/shopping_cart/protected/controllers/backend/ProductController.php(115): ProductController->render()
#3 /Applications/MAMP/htdocs/shopping_cart/framework/web/actions/CInlineAction.php(49): ProductController->actionDetail_product()
#4 /Applications/MAMP/htdocs/shopping_cart/framework/web/CController.php(308): CInlineAction->runWithParams()
#5 /Applications/MAMP/htdocs/shopping_cart/framework/web/CController.php(286): ProductController->runAction()
#6 /Applications/MAMP/htdocs/shopping_cart/framework/web/CController.php(265): ProductController->runActionWithFilters()
#7 /Applications/MAMP/htdocs/shopping_cart/framework/web/CWebApplication.php(282): ProductController->run()
#8 /Applications/MAMP/htdocs/shopping_cart/framework/web/CWebApplication.php(141): CWebApplication->runController()
#9 /Applications/MAMP/htdocs/shopping_cart/framework/base/CApplication.php(180): CWebApplication->processRequest()
#10 /Applications/MAMP/htdocs/shopping_cart/index.php(14): CWebApplication->run()
REQUEST_URI=/shopping_cart/index.php?r=backend/product/detail_product&product_id=P20181019100013
in /Applications/MAMP/htdocs/shopping_cart/protected/views/backend/product/detail_product.php (65)
in /Applications/MAMP/htdocs/shopping_cart/protected/controllers/backend/ProductController.php (115)
in /Applications/MAMP/htdocs/shopping_cart/index.php (14)
2018/10/19 10:14:22 [error] [system.db.CDbCommand] CDbCommand::fetch() failed: SQLSTATE[42S22]: Column not found: 1054 Unknown column 'c.brandname' in 'field list'. The SQL statement executed was: SELECT p.product_id,product_name,product_num,product_detail,product_price,d_update,p.status,t.type_id,type_name,c.categoryname,c.brandname
                FROM product p INNER JOIN product_type t ON p.type_id = t.type_id
                INNER JOIN category c ON p.category = c.id
                INNER JOIN brand b ON p.brand = b.id
                WHERE p.product_id = 'P20181019100013'.
in /Applications/MAMP/htdocs/shopping_cart/protected/models/Backend_product.php (74)
in /Applications/MAMP/htdocs/shopping_cart/protected/controllers/backend/ProductController.php (111)
in /Applications/MAMP/htdocs/shopping_cart/index.php (14)
2018/10/19 10:14:22 [error] [exception.CDbException] exception 'CDbException' with message 'CDbCommand failed to execute the SQL statement: SQLSTATE[42S22]: Column not found: 1054 Unknown column 'c.brandname' in 'field list'. The SQL statement executed was: SELECT p.product_id,product_name,product_num,product_detail,product_price,d_update,p.status,t.type_id,type_name,c.categoryname,c.brandname
                FROM product p INNER JOIN product_type t ON p.type_id = t.type_id
                INNER JOIN category c ON p.category = c.id
                INNER JOIN brand b ON p.brand = b.id
                WHERE p.product_id = 'P20181019100013'' in /Applications/MAMP/htdocs/shopping_cart/framework/db/CDbCommand.php:543
Stack trace:
#0 /Applications/MAMP/htdocs/shopping_cart/framework/db/CDbCommand.php(415): CDbCommand->queryInternal('fetch', Array, Array)
#1 /Applications/MAMP/htdocs/shopping_cart/protected/models/Backend_product.php(74): CDbCommand->queryRow()
#2 /Applications/MAMP/htdocs/shopping_cart/protected/controllers/backend/ProductController.php(111): Backend_Product->_get_detail_product('P20181019100013')
#3 /Applications/MAMP/htdocs/shopping_cart/framework/web/actions/CInlineAction.php(49): ProductController->actionDetail_product()
#4 /Applications/MAMP/htdocs/shopping_cart/framework/web/CController.php(308): CInlineAction->runWithParams(Array)
#5 /Applications/MAMP/htdocs/shopping_cart/framework/web/CController.php(286): CController->runAction(Object(CInlineAction))
#6 /Applications/MAMP/htdocs/shopping_cart/framework/web/CController.php(265): CController->runActionWithFilters(Object(CInlineAction), Array)
#7 /Applications/MAMP/htdocs/shopping_cart/framework/web/CWebApplication.php(282): CController->run('detail_product')
#8 /Applications/MAMP/htdocs/shopping_cart/framework/web/CWebApplication.php(141): CWebApplication->runController('backend/product...')
#9 /Applications/MAMP/htdocs/shopping_cart/framework/base/CApplication.php(180): CWebApplication->processRequest()
#10 /Applications/MAMP/htdocs/shopping_cart/index.php(14): CApplication->run()
#11 {main}
REQUEST_URI=/shopping_cart/index.php?r=backend/product/detail_product&product_id=P20181019100013
HTTP_REFERER=http://localhost/shopping_cart/index.php?r=backend/product/getproduct&type_id=001
---
2018/10/20 22:56:25 [error] [exception.CHttpException.404] exception 'CHttpException' with message 'Unable to resolve the request "backend/".' in /Applications/MAMP/htdocs/shopping_cart/framework/web/CWebApplication.php:286
Stack trace:
#0 /Applications/MAMP/htdocs/shopping_cart/framework/web/CWebApplication.php(141): CWebApplication->runController('backend/')
#1 /Applications/MAMP/htdocs/shopping_cart/framework/base/CApplication.php(180): CWebApplication->processRequest()
#2 /Applications/MAMP/htdocs/shopping_cart/index.php(14): CApplication->run()
#3 {main}
REQUEST_URI=/shopping_cart/index.php?r=backend/
---
2018/10/21 01:30:10 [warning] [application] Failed to set unsafe attribute "icons" of "Category".
in /Applications/MAMP/htdocs/shopping_cart/protected/controllers/backend/CategoryController.php (72)
in /Applications/MAMP/htdocs/shopping_cart/index.php (14)
2018/10/21 01:35:40 [warning] [application] Failed to set unsafe attribute "icons" of "Category".
in /Applications/MAMP/htdocs/shopping_cart/protected/controllers/backend/CategoryController.php (107)
in /Applications/MAMP/htdocs/shopping_cart/index.php (14)
2018/10/21 01:36:00 [warning] [application] Failed to set unsafe attribute "icons" of "Category".
in /Applications/MAMP/htdocs/shopping_cart/protected/controllers/backend/CategoryController.php (107)
in /Applications/MAMP/htdocs/shopping_cart/index.php (14)
2018/10/21 01:40:20 [warning] [application] Failed to set unsafe attribute "icons" of "Category".
in /Applications/MAMP/htdocs/shopping_cart/protected/controllers/backend/CategoryController.php (107)
in /Applications/MAMP/htdocs/shopping_cart/index.php (14)
2018/10/21 01:40:42 [warning] [application] Failed to set unsafe attribute "icons" of "Category".
in /Applications/MAMP/htdocs/shopping_cart/protected/controllers/backend/CategoryController.php (107)
in /Applications/MAMP/htdocs/shopping_cart/index.php (14)
2018/10/21 01:42:36 [warning] [application] Failed to set unsafe attribute "icons" of "Category".
in /Applications/MAMP/htdocs/shopping_cart/protected/controllers/backend/CategoryController.php (107)
in /Applications/MAMP/htdocs/shopping_cart/index.php (14)
2018/10/21 01:43:00 [warning] [application] Failed to set unsafe attribute "icons" of "Category".
in /Applications/MAMP/htdocs/shopping_cart/protected/controllers/backend/CategoryController.php (107)
in /Applications/MAMP/htdocs/shopping_cart/index.php (14)
2018/10/21 01:46:06 [warning] [application] Failed to set unsafe attribute "icons" of "Category".
in /Applications/MAMP/htdocs/shopping_cart/protected/controllers/backend/CategoryController.php (107)
in /Applications/MAMP/htdocs/shopping_cart/index.php (14)
2018/10/21 02:01:07 [warning] [application] Failed to set unsafe attribute "icons" of "Category".
in /Applications/MAMP/htdocs/shopping_cart/protected/controllers/backend/CategoryController.php (107)
in /Applications/MAMP/htdocs/shopping_cart/index.php (14)
2018/10/21 02:01:51 [error] [exception.CHttpException.403] exception 'CHttpException' with message 'You are not authorized to perform this action.' in /Applications/MAMP/htdocs/shopping_cart/framework/web/auth/CAccessControlFilter.php:182
Stack trace:
#0 /Applications/MAMP/htdocs/shopping_cart/framework/web/auth/CAccessControlFilter.php(145): CAccessControlFilter->accessDenied(Object(CWebUser), 'You are not aut...')
#1 /Applications/MAMP/htdocs/shopping_cart/framework/web/filters/CFilter.php(38): CAccessControlFilter->preFilter(Object(CFilterChain))
#2 /Applications/MAMP/htdocs/shopping_cart/framework/web/CController.php(1145): CFilter->filter(Object(CFilterChain))
#3 /Applications/MAMP/htdocs/shopping_cart/framework/web/filters/CInlineFilter.php(58): CController->filterAccessControl(Object(CFilterChain))
#4 /Applications/MAMP/htdocs/shopping_cart/framework/web/filters/CFilterChain.php(130): CInlineFilter->filter(Object(CFilterChain))
#5 /Applications/MAMP/htdocs/shopping_cart/framework/web/CController.php(291): CFilterChain->run()
#6 /Applications/MAMP/htdocs/shopping_cart/framework/web/CController.php(265): CController->runActionWithFilters(Object(CInlineAction), Array)
#7 /Applications/MAMP/htdocs/shopping_cart/framework/web/CWebApplication.php(282): CController->run('set_navbar')
#8 /Applications/MAMP/htdocs/shopping_cart/framework/web/CWebApplication.php(141): CWebApplication->runController('backend/backend...')
#9 /Applications/MAMP/htdocs/shopping_cart/framework/base/CApplication.php(180): CWebApplication->processRequest()
#10 /Applications/MAMP/htdocs/shopping_cart/index.php(14): CApplication->run()
#11 {main}
REQUEST_URI=/shopping_cart/index.php?r=backend/backend/set_navbar
HTTP_REFERER=http://localhost/shopping_cart/index.php?r=backend/category/admin
---
2018/10/21 22:19:38 [error] [exception.CHttpException.404] exception 'CHttpException' with message 'Unable to resolve the request "ิฟแาำืก".' in /Applications/MAMP/htdocs/shopping_cart/framework/web/CWebApplication.php:286
Stack trace:
#0 /Applications/MAMP/htdocs/shopping_cart/framework/web/CWebApplication.php(141): CWebApplication->runController('\xE0\xB8\xB4\xE0\xB8\x9F\xE0\xB9\x81\xE0\xB8\xB2\xE0\xB8\xB3...')
#1 /Applications/MAMP/htdocs/shopping_cart/framework/base/CApplication.php(180): CWebApplication->processRequest()
#2 /Applications/MAMP/htdocs/shopping_cart/index.php(14): CApplication->run()
#3 {main}
REQUEST_URI=/shopping_cart/index.php?r=%E0%B8%B4%E0%B8%9F%E0%B9%81%E0%B8%B2%E0%B8%B3%E0%B8%B7%E0%B8%81
---
2018/10/25 09:44:54 [error] [exception.CHttpException.404] exception 'CHttpException' with message 'The system is unable to find the requested action "from_edit_register".' in /Applications/MAMP/htdocs/shopping_cart/framework/web/CController.php:483
Stack trace:
#0 /Applications/MAMP/htdocs/shopping_cart/framework/web/CController.php(270): CController->missingAction('from_edit_regis...')
#1 /Applications/MAMP/htdocs/shopping_cart/framework/web/CWebApplication.php(282): CController->run('from_edit_regis...')
#2 /Applications/MAMP/htdocs/shopping_cart/framework/web/CWebApplication.php(141): CWebApplication->runController('frontend/user/f...')
#3 /Applications/MAMP/htdocs/shopping_cart/framework/base/CApplication.php(180): CWebApplication->processRequest()
#4 /Applications/MAMP/htdocs/shopping_cart/index.php(14): CApplication->run()
#5 {main}
REQUEST_URI=/shopping_cart/index.php?r=frontend/user/from_edit_register
HTTP_REFERER=http://localhost/shopping_cart/index.php?r=backend/product/createproduct
---
2018/10/25 09:46:15 [error] [exception.CHttpException.404] exception 'CHttpException' with message 'The system is unable to find the requested action "from_edit_register".' in /Applications/MAMP/htdocs/shopping_cart/framework/web/CController.php:483
Stack trace:
#0 /Applications/MAMP/htdocs/shopping_cart/framework/web/CController.php(270): CController->missingAction('from_edit_regis...')
#1 /Applications/MAMP/htdocs/shopping_cart/framework/web/CWebApplication.php(282): CController->run('from_edit_regis...')
#2 /Applications/MAMP/htdocs/shopping_cart/framework/web/CWebApplication.php(141): CWebApplication->runController('frontend/user/f...')
#3 /Applications/MAMP/htdocs/shopping_cart/framework/base/CApplication.php(180): CWebApplication->processRequest()
#4 /Applications/MAMP/htdocs/shopping_cart/index.php(14): CApplication->run()
#5 {main}
REQUEST_URI=/shopping_cart/index.php?r=frontend/user/from_edit_register
HTTP_REFERER=http://localhost/shopping_cart/index.php?r=backend/product/createproduct
---
2018/10/25 10:13:04 [error] [exception.CException] exception 'CException' with message 'ProductType and its behaviors do not have a method or closure named "findOne".' in /Applications/MAMP/htdocs/shopping_cart/framework/base/CComponent.php:266
Stack trace:
#0 /Applications/MAMP/htdocs/shopping_cart/framework/db/ar/CActiveRecord.php(227): CComponent->__call('findOne', Array)
#1 /Applications/MAMP/htdocs/shopping_cart/protected/controllers/backend/ProductController.php(86): CActiveRecord->__call('findOne', Array)
#2 /Applications/MAMP/htdocs/shopping_cart/protected/controllers/backend/ProductController.php(86): ProductType->findOne('type_id=:type', Array)
#3 [internal function]: ProductController->actionUpdate('P20181019100013')
#4 /Applications/MAMP/htdocs/shopping_cart/framework/web/actions/CAction.php(108): ReflectionMethod->invokeArgs(Object(ProductController), Array)
#5 /Applications/MAMP/htdocs/shopping_cart/framework/web/actions/CInlineAction.php(47): CAction->runWithParamsInternal(Object(ProductController), Object(ReflectionMethod), Array)
#6 /Applications/MAMP/htdocs/shopping_cart/framework/web/CController.php(308): CInlineAction->runWithParams(Array)
#7 /Applications/MAMP/htdocs/shopping_cart/framework/web/CController.php(286): CController->runAction(Object(CInlineAction))
#8 /Applications/MAMP/htdocs/shopping_cart/framework/web/CController.php(265): CController->runActionWithFilters(Object(CInlineAction), Array)
#9 /Applications/MAMP/htdocs/shopping_cart/framework/web/CWebApplication.php(282): CController->run('update')
#10 /Applications/MAMP/htdocs/shopping_cart/framework/web/CWebApplication.php(141): CWebApplication->runController('backend/product...')
#11 /Applications/MAMP/htdocs/shopping_cart/framework/base/CApplication.php(180): CWebApplication->processRequest()
#12 /Applications/MAMP/htdocs/shopping_cart/index.php(14): CApplication->run()
#13 {main}
REQUEST_URI=/shopping_cart/index.php?r=backend/product/update&product_id=P20181019100013
---
2018/10/25 10:13:11 [error] [exception.CException] exception 'CException' with message 'ProductType and its behaviors do not have a method or closure named "findRow".' in /Applications/MAMP/htdocs/shopping_cart/framework/base/CComponent.php:266
Stack trace:
#0 /Applications/MAMP/htdocs/shopping_cart/framework/db/ar/CActiveRecord.php(227): CComponent->__call('findRow', Array)
#1 /Applications/MAMP/htdocs/shopping_cart/protected/controllers/backend/ProductController.php(86): CActiveRecord->__call('findRow', Array)
#2 /Applications/MAMP/htdocs/shopping_cart/protected/controllers/backend/ProductController.php(86): ProductType->findRow('type_id=:type', Array)
#3 [internal function]: ProductController->actionUpdate('P20181019100013')
#4 /Applications/MAMP/htdocs/shopping_cart/framework/web/actions/CAction.php(108): ReflectionMethod->invokeArgs(Object(ProductController), Array)
#5 /Applications/MAMP/htdocs/shopping_cart/framework/web/actions/CInlineAction.php(47): CAction->runWithParamsInternal(Object(ProductController), Object(ReflectionMethod), Array)
#6 /Applications/MAMP/htdocs/shopping_cart/framework/web/CController.php(308): CInlineAction->runWithParams(Array)
#7 /Applications/MAMP/htdocs/shopping_cart/framework/web/CController.php(286): CController->runAction(Object(CInlineAction))
#8 /Applications/MAMP/htdocs/shopping_cart/framework/web/CController.php(265): CController->runActionWithFilters(Object(CInlineAction), Array)
#9 /Applications/MAMP/htdocs/shopping_cart/framework/web/CWebApplication.php(282): CController->run('update')
#10 /Applications/MAMP/htdocs/shopping_cart/framework/web/CWebApplication.php(141): CWebApplication->runController('backend/product...')
#11 /Applications/MAMP/htdocs/shopping_cart/framework/base/CApplication.php(180): CWebApplication->processRequest()
#12 /Applications/MAMP/htdocs/shopping_cart/index.php(14): CApplication->run()
#13 {main}
REQUEST_URI=/shopping_cart/index.php?r=backend/product/update&product_id=P20181019100013
---
2018/10/25 10:16:03 [error] [exception.CException] exception 'CException' with message 'ProductType and its behaviors do not have a method or closure named "findOne".' in /Applications/MAMP/htdocs/shopping_cart/framework/base/CComponent.php:266
Stack trace:
#0 /Applications/MAMP/htdocs/shopping_cart/framework/db/ar/CActiveRecord.php(227): CComponent->__call('findOne', Array)
#1 /Applications/MAMP/htdocs/shopping_cart/protected/controllers/backend/ProductController.php(86): CActiveRecord->__call('findOne', Array)
#2 /Applications/MAMP/htdocs/shopping_cart/protected/controllers/backend/ProductController.php(86): ProductType->findOne('type_id=:type', Array)
#3 [internal function]: ProductController->actionUpdate('P20181019100013')
#4 /Applications/MAMP/htdocs/shopping_cart/framework/web/actions/CAction.php(108): ReflectionMethod->invokeArgs(Object(ProductController), Array)
#5 /Applications/MAMP/htdocs/shopping_cart/framework/web/actions/CInlineAction.php(47): CAction->runWithParamsInternal(Object(ProductController), Object(ReflectionMethod), Array)
#6 /Applications/MAMP/htdocs/shopping_cart/framework/web/CController.php(308): CInlineAction->runWithParams(Array)
#7 /Applications/MAMP/htdocs/shopping_cart/framework/web/CController.php(286): CController->runAction(Object(CInlineAction))
#8 /Applications/MAMP/htdocs/shopping_cart/framework/web/CController.php(265): CController->runActionWithFilters(Object(CInlineAction), Array)
#9 /Applications/MAMP/htdocs/shopping_cart/framework/web/CWebApplication.php(282): CController->run('update')
#10 /Applications/MAMP/htdocs/shopping_cart/framework/web/CWebApplication.php(141): CWebApplication->runController('backend/product...')
#11 /Applications/MAMP/htdocs/shopping_cart/framework/base/CApplication.php(180): CWebApplication->processRequest()
#12 /Applications/MAMP/htdocs/shopping_cart/index.php(14): CApplication->run()
#13 {main}
REQUEST_URI=/shopping_cart/index.php?r=backend/product/update&product_id=P20181019100013
---
2018/10/25 10:17:39 [error] [exception.CException] exception 'CException' with message 'ProductType and its behaviors do not have a method or closure named "findOne".' in /Applications/MAMP/htdocs/shopping_cart/framework/base/CComponent.php:266
Stack trace:
#0 /Applications/MAMP/htdocs/shopping_cart/framework/db/ar/CActiveRecord.php(227): CComponent->__call('findOne', Array)
#1 /Applications/MAMP/htdocs/shopping_cart/protected/controllers/backend/ProductController.php(86): CActiveRecord->__call('findOne', Array)
#2 /Applications/MAMP/htdocs/shopping_cart/protected/controllers/backend/ProductController.php(86): ProductType->findOne('type_id=:type', Array)
#3 [internal function]: ProductController->actionUpdate('P20181019100013')
#4 /Applications/MAMP/htdocs/shopping_cart/framework/web/actions/CAction.php(108): ReflectionMethod->invokeArgs(Object(ProductController), Array)
#5 /Applications/MAMP/htdocs/shopping_cart/framework/web/actions/CInlineAction.php(47): CAction->runWithParamsInternal(Object(ProductController), Object(ReflectionMethod), Array)
#6 /Applications/MAMP/htdocs/shopping_cart/framework/web/CController.php(308): CInlineAction->runWithParams(Array)
#7 /Applications/MAMP/htdocs/shopping_cart/framework/web/CController.php(286): CController->runAction(Object(CInlineAction))
#8 /Applications/MAMP/htdocs/shopping_cart/framework/web/CController.php(265): CController->runActionWithFilters(Object(CInlineAction), Array)
#9 /Applications/MAMP/htdocs/shopping_cart/framework/web/CWebApplication.php(282): CController->run('update')
#10 /Applications/MAMP/htdocs/shopping_cart/framework/web/CWebApplication.php(141): CWebApplication->runController('backend/product...')
#11 /Applications/MAMP/htdocs/shopping_cart/framework/base/CApplication.php(180): CWebApplication->processRequest()
#12 /Applications/MAMP/htdocs/shopping_cart/index.php(14): CApplication->run()
#13 {main}
REQUEST_URI=/shopping_cart/index.php?r=backend/product/update&product_id=P20181019100013
---
2018/10/25 10:20:12 [error] [php] Illegal string offset 'type_id' (/Applications/MAMP/htdocs/shopping_cart/protected/controllers/backend/ProductController.php:87)
Stack trace:
#0 /Applications/MAMP/htdocs/shopping_cart/framework/web/actions/CInlineAction.php(47): CInlineAction->runWithParamsInternal()
#1 /Applications/MAMP/htdocs/shopping_cart/framework/web/CController.php(308): CInlineAction->runWithParams()
#2 /Applications/MAMP/htdocs/shopping_cart/framework/web/CController.php(286): ProductController->runAction()
#3 /Applications/MAMP/htdocs/shopping_cart/framework/web/CController.php(265): ProductController->runActionWithFilters()
#4 /Applications/MAMP/htdocs/shopping_cart/framework/web/CWebApplication.php(282): ProductController->run()
#5 /Applications/MAMP/htdocs/shopping_cart/framework/web/CWebApplication.php(141): CWebApplication->runController()
#6 /Applications/MAMP/htdocs/shopping_cart/framework/base/CApplication.php(180): CWebApplication->processRequest()
#7 /Applications/MAMP/htdocs/shopping_cart/index.php(14): CWebApplication->run()
REQUEST_URI=/shopping_cart/index.php?r=backend/product/update&product_id=P20181019100013
in /Applications/MAMP/htdocs/shopping_cart/protected/controllers/backend/ProductController.php (87)
in /Applications/MAMP/htdocs/shopping_cart/index.php (14)
2018/10/25 10:38:43 [error] [php] Undefined index: recommend (/Applications/MAMP/htdocs/shopping_cart/protected/views/backend/product/update.php:100)
Stack trace:
#0 /Applications/MAMP/htdocs/shopping_cart/framework/web/CController.php(869): ProductController->renderFile()
#1 /Applications/MAMP/htdocs/shopping_cart/framework/web/CController.php(782): ProductController->renderPartial()
#2 /Applications/MAMP/htdocs/shopping_cart/protected/controllers/backend/ProductController.php(87): ProductController->render()
#3 unknown(0): ProductController->actionUpdate()
#4 /Applications/MAMP/htdocs/shopping_cart/framework/web/actions/CAction.php(108): ReflectionMethod->invokeArgs()
#5 /Applications/MAMP/htdocs/shopping_cart/framework/web/actions/CInlineAction.php(47): CInlineAction->runWithParamsInternal()
#6 /Applications/MAMP/htdocs/shopping_cart/framework/web/CController.php(308): CInlineAction->runWithParams()
#7 /Applications/MAMP/htdocs/shopping_cart/framework/web/CController.php(286): ProductController->runAction()
#8 /Applications/MAMP/htdocs/shopping_cart/framework/web/CController.php(265): ProductController->runActionWithFilters()
#9 /Applications/MAMP/htdocs/shopping_cart/framework/web/CWebApplication.php(282): ProductController->run()
#10 /Applications/MAMP/htdocs/shopping_cart/framework/web/CWebApplication.php(141): CWebApplication->runController()
#11 /Applications/MAMP/htdocs/shopping_cart/framework/base/CApplication.php(180): CWebApplication->processRequest()
#12 /Applications/MAMP/htdocs/shopping_cart/index.php(14): CWebApplication->run()
REQUEST_URI=/shopping_cart/index.php?r=backend/product/update&type_id=001&product_id=P20181019100013
in /Applications/MAMP/htdocs/shopping_cart/protected/views/backend/product/update.php (100)
in /Applications/MAMP/htdocs/shopping_cart/protected/controllers/backend/ProductController.php (87)
in /Applications/MAMP/htdocs/shopping_cart/index.php (14)
2018/10/25 10:38:48 [error] [php] Undefined index: recommend (/Applications/MAMP/htdocs/shopping_cart/protected/views/backend/product/update.php:100)
Stack trace:
#0 /Applications/MAMP/htdocs/shopping_cart/framework/web/CController.php(869): ProductController->renderFile()
#1 /Applications/MAMP/htdocs/shopping_cart/framework/web/CController.php(782): ProductController->renderPartial()
#2 /Applications/MAMP/htdocs/shopping_cart/protected/controllers/backend/ProductController.php(87): ProductController->render()
#3 unknown(0): ProductController->actionUpdate()
#4 /Applications/MAMP/htdocs/shopping_cart/framework/web/actions/CAction.php(108): ReflectionMethod->invokeArgs()
#5 /Applications/MAMP/htdocs/shopping_cart/framework/web/actions/CInlineAction.php(47): CInlineAction->runWithParamsInternal()
#6 /Applications/MAMP/htdocs/shopping_cart/framework/web/CController.php(308): CInlineAction->runWithParams()
#7 /Applications/MAMP/htdocs/shopping_cart/framework/web/CController.php(286): ProductController->runAction()
#8 /Applications/MAMP/htdocs/shopping_cart/framework/web/CController.php(265): ProductController->runActionWithFilters()
#9 /Applications/MAMP/htdocs/shopping_cart/framework/web/CWebApplication.php(282): ProductController->run()
#10 /Applications/MAMP/htdocs/shopping_cart/framework/web/CWebApplication.php(141): CWebApplication->runController()
#11 /Applications/MAMP/htdocs/shopping_cart/framework/base/CApplication.php(180): CWebApplication->processRequest()
#12 /Applications/MAMP/htdocs/shopping_cart/index.php(14): CWebApplication->run()
REQUEST_URI=/shopping_cart/index.php?r=backend/product/update&product_id=P20181019100013
in /Applications/MAMP/htdocs/shopping_cart/protected/views/backend/product/update.php (100)
in /Applications/MAMP/htdocs/shopping_cart/protected/controllers/backend/ProductController.php (87)
in /Applications/MAMP/htdocs/shopping_cart/index.php (14)
2018/10/25 11:51:50 [error] [php] Undefined index: category (/Applications/MAMP/htdocs/shopping_cart/protected/views/backend/product/update.php:63)
Stack trace:
#0 /Applications/MAMP/htdocs/shopping_cart/framework/web/CController.php(869): ProductController->renderFile()
#1 /Applications/MAMP/htdocs/shopping_cart/framework/web/CController.php(782): ProductController->renderPartial()
#2 /Applications/MAMP/htdocs/shopping_cart/protected/controllers/backend/ProductController.php(87): ProductController->render()
#3 unknown(0): ProductController->actionUpdate()
#4 /Applications/MAMP/htdocs/shopping_cart/framework/web/actions/CAction.php(108): ReflectionMethod->invokeArgs()
#5 /Applications/MAMP/htdocs/shopping_cart/framework/web/actions/CInlineAction.php(47): CInlineAction->runWithParamsInternal()
#6 /Applications/MAMP/htdocs/shopping_cart/framework/web/CController.php(308): CInlineAction->runWithParams()
#7 /Applications/MAMP/htdocs/shopping_cart/framework/web/CController.php(286): ProductController->runAction()
#8 /Applications/MAMP/htdocs/shopping_cart/framework/web/CController.php(265): ProductController->runActionWithFilters()
#9 /Applications/MAMP/htdocs/shopping_cart/framework/web/CWebApplication.php(282): ProductController->run()
#10 /Applications/MAMP/htdocs/shopping_cart/framework/web/CWebApplication.php(141): CWebApplication->runController()
#11 /Applications/MAMP/htdocs/shopping_cart/framework/base/CApplication.php(180): CWebApplication->processRequest()
#12 /Applications/MAMP/htdocs/shopping_cart/index.php(14): CWebApplication->run()
REQUEST_URI=/shopping_cart/index.php?r=backend/product/update&product_id=P20181019100013
in /Applications/MAMP/htdocs/shopping_cart/protected/views/backend/product/update.php (63)
in /Applications/MAMP/htdocs/shopping_cart/protected/controllers/backend/ProductController.php (87)
in /Applications/MAMP/htdocs/shopping_cart/index.php (14)
2018/10/25 11:52:21 [error] [php] Undefined index: brand (/Applications/MAMP/htdocs/shopping_cart/protected/views/backend/product/update.php:76)
Stack trace:
#0 /Applications/MAMP/htdocs/shopping_cart/framework/web/CController.php(869): ProductController->renderFile()
#1 /Applications/MAMP/htdocs/shopping_cart/framework/web/CController.php(782): ProductController->renderPartial()
#2 /Applications/MAMP/htdocs/shopping_cart/protected/controllers/backend/ProductController.php(87): ProductController->render()
#3 unknown(0): ProductController->actionUpdate()
#4 /Applications/MAMP/htdocs/shopping_cart/framework/web/actions/CAction.php(108): ReflectionMethod->invokeArgs()
#5 /Applications/MAMP/htdocs/shopping_cart/framework/web/actions/CInlineAction.php(47): CInlineAction->runWithParamsInternal()
#6 /Applications/MAMP/htdocs/shopping_cart/framework/web/CController.php(308): CInlineAction->runWithParams()
#7 /Applications/MAMP/htdocs/shopping_cart/framework/web/CController.php(286): ProductController->runAction()
#8 /Applications/MAMP/htdocs/shopping_cart/framework/web/CController.php(265): ProductController->runActionWithFilters()
#9 /Applications/MAMP/htdocs/shopping_cart/framework/web/CWebApplication.php(282): ProductController->run()
#10 /Applications/MAMP/htdocs/shopping_cart/framework/web/CWebApplication.php(141): CWebApplication->runController()
#11 /Applications/MAMP/htdocs/shopping_cart/framework/base/CApplication.php(180): CWebApplication->processRequest()
#12 /Applications/MAMP/htdocs/shopping_cart/index.php(14): CWebApplication->run()
REQUEST_URI=/shopping_cart/index.php?r=backend/product/update&product_id=P20181019100013
in /Applications/MAMP/htdocs/shopping_cart/protected/views/backend/product/update.php (76)
in /Applications/MAMP/htdocs/shopping_cart/protected/controllers/backend/ProductController.php (87)
in /Applications/MAMP/htdocs/shopping_cart/index.php (14)
2018/10/25 14:01:55 [error] [php] Undefined property: Configweb_model::$SizeFileUpload (/Applications/MAMP/htdocs/shopping_cart/protected/views/backend/product/update.php:137)
Stack trace:
#0 /Applications/MAMP/htdocs/shopping_cart/framework/web/CController.php(869): ProductController->renderFile()
#1 /Applications/MAMP/htdocs/shopping_cart/framework/web/CController.php(782): ProductController->renderPartial()
#2 /Applications/MAMP/htdocs/shopping_cart/protected/controllers/backend/ProductController.php(88): ProductController->render()
#3 unknown(0): ProductController->actionUpdate()
#4 /Applications/MAMP/htdocs/shopping_cart/framework/web/actions/CAction.php(108): ReflectionMethod->invokeArgs()
#5 /Applications/MAMP/htdocs/shopping_cart/framework/web/actions/CInlineAction.php(47): CInlineAction->runWithParamsInternal()
#6 /Applications/MAMP/htdocs/shopping_cart/framework/web/CController.php(308): CInlineAction->runWithParams()
#7 /Applications/MAMP/htdocs/shopping_cart/framework/web/CController.php(286): ProductController->runAction()
#8 /Applications/MAMP/htdocs/shopping_cart/framework/web/CController.php(265): ProductController->runActionWithFilters()
#9 /Applications/MAMP/htdocs/shopping_cart/framework/web/CWebApplication.php(282): ProductController->run()
#10 /Applications/MAMP/htdocs/shopping_cart/framework/web/CWebApplication.php(141): CWebApplication->runController()
#11 /Applications/MAMP/htdocs/shopping_cart/framework/base/CApplication.php(180): CWebApplication->processRequest()
#12 /Applications/MAMP/htdocs/shopping_cart/index.php(14): CWebApplication->run()
REQUEST_URI=/shopping_cart/index.php?r=backend/product/update&product_id=P20181019100013
in /Applications/MAMP/htdocs/shopping_cart/protected/views/backend/product/update.php (137)
in /Applications/MAMP/htdocs/shopping_cart/protected/controllers/backend/ProductController.php (88)
in /Applications/MAMP/htdocs/shopping_cart/index.php (14)
2018/10/25 14:03:59 [error] [php] Undefined index: extension (/Applications/MAMP/htdocs/shopping_cart/protected/controllers/backend/ImagesController.php:61)
Stack trace:
#0 /Applications/MAMP/htdocs/shopping_cart/framework/web/CController.php(286): ImagesController->runAction()
#1 /Applications/MAMP/htdocs/shopping_cart/framework/web/CController.php(265): ImagesController->runActionWithFilters()
#2 /Applications/MAMP/htdocs/shopping_cart/framework/web/CWebApplication.php(282): ImagesController->run()
#3 /Applications/MAMP/htdocs/shopping_cart/framework/web/CWebApplication.php(141): CWebApplication->runController()
#4 /Applications/MAMP/htdocs/shopping_cart/framework/base/CApplication.php(180): CWebApplication->processRequest()
#5 /Applications/MAMP/htdocs/shopping_cart/index.php(14): CWebApplication->run()
REQUEST_URI=/shopping_cart/index.php?r=backend/images/uploadify
in /Applications/MAMP/htdocs/shopping_cart/protected/controllers/backend/ImagesController.php (61)
in /Applications/MAMP/htdocs/shopping_cart/index.php (14)
2018/10/25 15:58:55 [error] [php] Undefined variable: product (/Applications/MAMP/htdocs/shopping_cart/protected/controllers/backend/ProductController.php:153)
Stack trace:
#0 /Applications/MAMP/htdocs/shopping_cart/framework/web/CController.php(286): ProductController->runAction()
#1 /Applications/MAMP/htdocs/shopping_cart/framework/web/CController.php(265): ProductController->runActionWithFilters()
#2 /Applications/MAMP/htdocs/shopping_cart/framework/web/CWebApplication.php(282): ProductController->run()
#3 /Applications/MAMP/htdocs/shopping_cart/framework/web/CWebApplication.php(141): CWebApplication->runController()
#4 /Applications/MAMP/htdocs/shopping_cart/framework/base/CApplication.php(180): CWebApplication->processRequest()
#5 /Applications/MAMP/htdocs/shopping_cart/index.php(14): CWebApplication->run()
REQUEST_URI=/shopping_cart/index.php?r=backend/product/deleteimages
in /Applications/MAMP/htdocs/shopping_cart/protected/controllers/backend/ProductController.php (153)
in /Applications/MAMP/htdocs/shopping_cart/index.php (14)
2018/10/25 16:06:17 [error] [php] Undefined variable: product (/Applications/MAMP/htdocs/shopping_cart/protected/controllers/backend/ProductController.php:153)
Stack trace:
#0 /Applications/MAMP/htdocs/shopping_cart/framework/web/CController.php(286): ProductController->runAction()
#1 /Applications/MAMP/htdocs/shopping_cart/framework/web/CController.php(265): ProductController->runActionWithFilters()
#2 /Applications/MAMP/htdocs/shopping_cart/framework/web/CWebApplication.php(282): ProductController->run()
#3 /Applications/MAMP/htdocs/shopping_cart/framework/web/CWebApplication.php(141): CWebApplication->runController()
#4 /Applications/MAMP/htdocs/shopping_cart/framework/base/CApplication.php(180): CWebApplication->processRequest()
#5 /Applications/MAMP/htdocs/shopping_cart/index.php(14): CWebApplication->run()
REQUEST_URI=/shopping_cart/index.php?r=backend/product/deleteimages
in /Applications/MAMP/htdocs/shopping_cart/protected/controllers/backend/ProductController.php (153)
in /Applications/MAMP/htdocs/shopping_cart/index.php (14)
2018/10/25 16:11:01 [error] [php] Undefined variable: product (/Applications/MAMP/htdocs/shopping_cart/protected/controllers/backend/ProductController.php:153)
Stack trace:
#0 /Applications/MAMP/htdocs/shopping_cart/framework/web/CController.php(286): ProductController->runAction()
#1 /Applications/MAMP/htdocs/shopping_cart/framework/web/CController.php(265): ProductController->runActionWithFilters()
#2 /Applications/MAMP/htdocs/shopping_cart/framework/web/CWebApplication.php(282): ProductController->run()
#3 /Applications/MAMP/htdocs/shopping_cart/framework/web/CWebApplication.php(141): CWebApplication->runController()
#4 /Applications/MAMP/htdocs/shopping_cart/framework/base/CApplication.php(180): CWebApplication->processRequest()
#5 /Applications/MAMP/htdocs/shopping_cart/index.php(14): CWebApplication->run()
REQUEST_URI=/shopping_cart/index.php?r=backend/product/deleteimages
in /Applications/MAMP/htdocs/shopping_cart/protected/controllers/backend/ProductController.php (153)
in /Applications/MAMP/htdocs/shopping_cart/index.php (14)
2018/10/25 16:11:44 [error] [php] unlink(../uploads/product/img_rdnou5zo6nsiusy7eknm7l8qthclex.jpg): No such file or directory (/Applications/MAMP/htdocs/shopping_cart/protected/controllers/backend/ProductController.php:154)
Stack trace:
#0 /Applications/MAMP/htdocs/shopping_cart/framework/web/CController.php(308): CInlineAction->runWithParams()
#1 /Applications/MAMP/htdocs/shopping_cart/framework/web/CController.php(286): ProductController->runAction()
#2 /Applications/MAMP/htdocs/shopping_cart/framework/web/CController.php(265): ProductController->runActionWithFilters()
#3 /Applications/MAMP/htdocs/shopping_cart/framework/web/CWebApplication.php(282): ProductController->run()
#4 /Applications/MAMP/htdocs/shopping_cart/framework/web/CWebApplication.php(141): CWebApplication->runController()
#5 /Applications/MAMP/htdocs/shopping_cart/framework/base/CApplication.php(180): CWebApplication->processRequest()
#6 /Applications/MAMP/htdocs/shopping_cart/index.php(14): CWebApplication->run()
REQUEST_URI=/shopping_cart/index.php?r=backend/product/deleteimages
in /Applications/MAMP/htdocs/shopping_cart/protected/controllers/backend/ProductController.php (154)
in /Applications/MAMP/htdocs/shopping_cart/index.php (14)
2018/10/25 16:15:54 [error] [php] unlink(uploads/product/thumbnail/400-img_ht7f38gl5kx536hvhm7f98mij9mhsf.jpg): No such file or directory (/Applications/MAMP/htdocs/shopping_cart/protected/controllers/backend/ProductController.php:156)
Stack trace:
#0 /Applications/MAMP/htdocs/shopping_cart/framework/web/CController.php(308): CInlineAction->runWithParams()
#1 /Applications/MAMP/htdocs/shopping_cart/framework/web/CController.php(286): ProductController->runAction()
#2 /Applications/MAMP/htdocs/shopping_cart/framework/web/CController.php(265): ProductController->runActionWithFilters()
#3 /Applications/MAMP/htdocs/shopping_cart/framework/web/CWebApplication.php(282): ProductController->run()
#4 /Applications/MAMP/htdocs/shopping_cart/framework/web/CWebApplication.php(141): CWebApplication->runController()
#5 /Applications/MAMP/htdocs/shopping_cart/framework/base/CApplication.php(180): CWebApplication->processRequest()
#6 /Applications/MAMP/htdocs/shopping_cart/index.php(14): CWebApplication->run()
REQUEST_URI=/shopping_cart/index.php?r=backend/product/deleteimages
in /Applications/MAMP/htdocs/shopping_cart/protected/controllers/backend/ProductController.php (156)
in /Applications/MAMP/htdocs/shopping_cart/index.php (14)
2018/10/26 01:14:03 [error] [php] unlink(uploads/product/img_ht7f38gl5kx536hvhm7f98mij9mhsf.jpg): No such file or directory (/Applications/MAMP/htdocs/shopping_cart/protected/controllers/backend/ProductController.php:155)
Stack trace:
#0 /Applications/MAMP/htdocs/shopping_cart/framework/web/CController.php(308): CInlineAction->runWithParams()
#1 /Applications/MAMP/htdocs/shopping_cart/framework/web/CController.php(286): ProductController->runAction()
#2 /Applications/MAMP/htdocs/shopping_cart/framework/web/CController.php(265): ProductController->runActionWithFilters()
#3 /Applications/MAMP/htdocs/shopping_cart/framework/web/CWebApplication.php(282): ProductController->run()
#4 /Applications/MAMP/htdocs/shopping_cart/framework/web/CWebApplication.php(141): CWebApplication->runController()
#5 /Applications/MAMP/htdocs/shopping_cart/framework/base/CApplication.php(180): CWebApplication->processRequest()
#6 /Applications/MAMP/htdocs/shopping_cart/index.php(14): CWebApplication->run()
REQUEST_URI=/shopping_cart/index.php?r=backend/product/deleteimages
in /Applications/MAMP/htdocs/shopping_cart/protected/controllers/backend/ProductController.php (155)
in /Applications/MAMP/htdocs/shopping_cart/index.php (14)
2018/10/26 01:14:04 [error] [php] unlink(uploads/product/img_ht7f38gl5kx536hvhm7f98mij9mhsf.jpg): No such file or directory (/Applications/MAMP/htdocs/shopping_cart/protected/controllers/backend/ProductController.php:155)
Stack trace:
#0 /Applications/MAMP/htdocs/shopping_cart/framework/web/CController.php(308): CInlineAction->runWithParams()
#1 /Applications/MAMP/htdocs/shopping_cart/framework/web/CController.php(286): ProductController->runAction()
#2 /Applications/MAMP/htdocs/shopping_cart/framework/web/CController.php(265): ProductController->runActionWithFilters()
#3 /Applications/MAMP/htdocs/shopping_cart/framework/web/CWebApplication.php(282): ProductController->run()
#4 /Applications/MAMP/htdocs/shopping_cart/framework/web/CWebApplication.php(141): CWebApplication->runController()
#5 /Applications/MAMP/htdocs/shopping_cart/framework/base/CApplication.php(180): CWebApplication->processRequest()
#6 /Applications/MAMP/htdocs/shopping_cart/index.php(14): CWebApplication->run()
REQUEST_URI=/shopping_cart/index.php?r=backend/product/deleteimages
in /Applications/MAMP/htdocs/shopping_cart/protected/controllers/backend/ProductController.php (155)
in /Applications/MAMP/htdocs/shopping_cart/index.php (14)
2018/10/26 01:14:24 [error] [php] unlink(uploads/product/img_ht7f38gl5kx536hvhm7f98mij9mhsf.jpg): No such file or directory (/Applications/MAMP/htdocs/shopping_cart/protected/controllers/backend/ProductController.php:155)
Stack trace:
#0 /Applications/MAMP/htdocs/shopping_cart/framework/web/CController.php(308): CInlineAction->runWithParams()
#1 /Applications/MAMP/htdocs/shopping_cart/framework/web/CController.php(286): ProductController->runAction()
#2 /Applications/MAMP/htdocs/shopping_cart/framework/web/CController.php(265): ProductController->runActionWithFilters()
#3 /Applications/MAMP/htdocs/shopping_cart/framework/web/CWebApplication.php(282): ProductController->run()
#4 /Applications/MAMP/htdocs/shopping_cart/framework/web/CWebApplication.php(141): CWebApplication->runController()
#5 /Applications/MAMP/htdocs/shopping_cart/framework/base/CApplication.php(180): CWebApplication->processRequest()
#6 /Applications/MAMP/htdocs/shopping_cart/index.php(14): CWebApplication->run()
REQUEST_URI=/shopping_cart/index.php?r=backend/product/deleteimages
in /Applications/MAMP/htdocs/shopping_cart/protected/controllers/backend/ProductController.php (155)
in /Applications/MAMP/htdocs/shopping_cart/index.php (14)
2018/10/26 09:25:08 [error] [php] unlink(uploads/product/): Operation not permitted (/Applications/MAMP/htdocs/shopping_cart/protected/controllers/backend/ProductController.php:162)
Stack trace:
#0 /Applications/MAMP/htdocs/shopping_cart/framework/web/CController.php(308): CInlineAction->runWithParams()
#1 /Applications/MAMP/htdocs/shopping_cart/framework/web/CController.php(286): ProductController->runAction()
#2 /Applications/MAMP/htdocs/shopping_cart/framework/web/CController.php(265): ProductController->runActionWithFilters()
#3 /Applications/MAMP/htdocs/shopping_cart/framework/web/CWebApplication.php(282): ProductController->run()
#4 /Applications/MAMP/htdocs/shopping_cart/framework/web/CWebApplication.php(141): CWebApplication->runController()
#5 /Applications/MAMP/htdocs/shopping_cart/framework/base/CApplication.php(180): CWebApplication->processRequest()
#6 /Applications/MAMP/htdocs/shopping_cart/index.php(14): CWebApplication->run()
REQUEST_URI=/shopping_cart/index.php?r=backend/product/deleteimages
in /Applications/MAMP/htdocs/shopping_cart/protected/controllers/backend/ProductController.php (162)
in /Applications/MAMP/htdocs/shopping_cart/index.php (14)
2018/10/26 09:33:40 [error] [php] Undefined variable: caegory (/Applications/MAMP/htdocs/shopping_cart/protected/views/backend/product/index.php:9)
Stack trace:
#0 /Applications/MAMP/htdocs/shopping_cart/framework/web/CController.php(869): ProductController->renderFile()
#1 /Applications/MAMP/htdocs/shopping_cart/framework/web/CController.php(782): ProductController->renderPartial()
#2 /Applications/MAMP/htdocs/shopping_cart/protected/controllers/backend/ProductController.php(9): ProductController->render()
#3 /Applications/MAMP/htdocs/shopping_cart/framework/web/actions/CInlineAction.php(49): ProductController->actionIndex()
#4 /Applications/MAMP/htdocs/shopping_cart/framework/web/CController.php(308): CInlineAction->runWithParams()
#5 /Applications/MAMP/htdocs/shopping_cart/framework/web/CController.php(286): ProductController->runAction()
#6 /Applications/MAMP/htdocs/shopping_cart/framework/web/CController.php(265): ProductController->runActionWithFilters()
#7 /Applications/MAMP/htdocs/shopping_cart/framework/web/CWebApplication.php(282): ProductController->run()
#8 /Applications/MAMP/htdocs/shopping_cart/framework/web/CWebApplication.php(141): CWebApplication->runController()
#9 /Applications/MAMP/htdocs/shopping_cart/framework/base/CApplication.php(180): CWebApplication->processRequest()
#10 /Applications/MAMP/htdocs/shopping_cart/index.php(14): CWebApplication->run()
REQUEST_URI=/shopping_cart/index.php?r=backend/product/index
in /Applications/MAMP/htdocs/shopping_cart/protected/views/backend/product/index.php (9)
in /Applications/MAMP/htdocs/shopping_cart/protected/controllers/backend/ProductController.php (9)
in /Applications/MAMP/htdocs/shopping_cart/index.php (14)
2018/10/26 09:34:02 [error] [exception.CException] exception 'CException' with message 'Property "Category.categdoryname" is not defined.' in /Applications/MAMP/htdocs/shopping_cart/framework/base/CComponent.php:130
Stack trace:
#0 /Applications/MAMP/htdocs/shopping_cart/framework/db/ar/CActiveRecord.php(145): CComponent->__get('categdoryname')
#1 /Applications/MAMP/htdocs/shopping_cart/framework/base/CModel.php(596): CActiveRecord->__get('categdoryname')
#2 /Applications/MAMP/htdocs/shopping_cart/protected/views/backend/product/index.php(12): CModel->offsetGet('categdoryname')
#3 /Applications/MAMP/htdocs/shopping_cart/framework/web/CBaseController.php(126): require('/Applications/M...')
#4 /Applications/MAMP/htdocs/shopping_cart/framework/web/CBaseController.php(95): CBaseController->renderInternal('/Applications/M...', Array, true)
#5 /Applications/MAMP/htdocs/shopping_cart/framework/web/CController.php(869): CBaseController->renderFile('/Applications/M...', Array, true)
#6 /Applications/MAMP/htdocs/shopping_cart/framework/web/CController.php(782): CController->renderPartial('index', Array, true)
#7 /Applications/MAMP/htdocs/shopping_cart/protected/controllers/backend/ProductController.php(9): CController->render('index', Array)
#8 /Applications/MAMP/htdocs/shopping_cart/framework/web/actions/CInlineAction.php(49): ProductController->actionIndex()
#9 /Applications/MAMP/htdocs/shopping_cart/framework/web/CController.php(308): CInlineAction->runWithParams(Array)
#10 /Applications/MAMP/htdocs/shopping_cart/framework/web/CController.php(286): CController->runAction(Object(CInlineAction))
#11 /Applications/MAMP/htdocs/shopping_cart/framework/web/CController.php(265): CController->runActionWithFilters(Object(CInlineAction), Array)
#12 /Applications/MAMP/htdocs/shopping_cart/framework/web/CWebApplication.php(282): CController->run('index')
#13 /Applications/MAMP/htdocs/shopping_cart/framework/web/CWebApplication.php(141): CWebApplication->runController('backend/product...')
#14 /Applications/MAMP/htdocs/shopping_cart/framework/base/CApplication.php(180): CWebApplication->processRequest()
#15 /Applications/MAMP/htdocs/shopping_cart/index.php(14): CApplication->run()
#16 {main}
REQUEST_URI=/shopping_cart/index.php?r=backend/product/index
---
2018/10/26 09:37:03 [error] [php] Array to string conversion (/Applications/MAMP/htdocs/shopping_cart/framework/db/CDbCommand.php:275)
Stack trace:
#0 /Applications/MAMP/htdocs/shopping_cart/framework/db/schema/CDbCommandBuilder.php(100): CMysqlCommandBuilder->bindValues()
#1 /Applications/MAMP/htdocs/shopping_cart/framework/db/ar/CActiveRecord.php(1350): CMysqlCommandBuilder->createFindCommand()
#2 /Applications/MAMP/htdocs/shopping_cart/framework/db/ar/CActiveRecord.php(1470): ProductType->query()
#3 /Applications/MAMP/htdocs/shopping_cart/protected/views/backend/product/index.php(10): ProductType->findAll()
#4 /Applications/MAMP/htdocs/shopping_cart/framework/web/CBaseController.php(126): require()
#5 /Applications/MAMP/htdocs/shopping_cart/framework/web/CBaseController.php(95): ProductController->renderInternal()
#6 /Applications/MAMP/htdocs/shopping_cart/framework/web/CController.php(869): ProductController->renderFile()
#7 /Applications/MAMP/htdocs/shopping_cart/framework/web/CController.php(782): ProductController->renderPartial()
#8 /Applications/MAMP/htdocs/shopping_cart/protected/controllers/backend/ProductController.php(9): ProductController->render()
#9 /Applications/MAMP/htdocs/shopping_cart/framework/web/actions/CInlineAction.php(49): ProductController->actionIndex()
#10 /Applications/MAMP/htdocs/shopping_cart/framework/web/CController.php(308): CInlineAction->runWithParams()
#11 /Applications/MAMP/htdocs/shopping_cart/framework/web/CController.php(286): ProductController->runAction()
#12 /Applications/MAMP/htdocs/shopping_cart/framework/web/CController.php(265): ProductController->runActionWithFilters()
#13 /Applications/MAMP/htdocs/shopping_cart/framework/web/CWebApplication.php(282): ProductController->run()
#14 /Applications/MAMP/htdocs/shopping_cart/framework/web/CWebApplication.php(141): CWebApplication->runController()
#15 /Applications/MAMP/htdocs/shopping_cart/framework/base/CApplication.php(180): CWebApplication->processRequest()
#16 /Applications/MAMP/htdocs/shopping_cart/index.php(14): CWebApplication->run()
REQUEST_URI=/shopping_cart/index.php?r=backend/product/index
in /Applications/MAMP/htdocs/shopping_cart/protected/views/backend/product/index.php (10)
in /Applications/MAMP/htdocs/shopping_cart/protected/controllers/backend/ProductController.php (9)
in /Applications/MAMP/htdocs/shopping_cart/index.php (14)
2018/10/26 09:38:04 [error] [php] Array to string conversion (/Applications/MAMP/htdocs/shopping_cart/framework/db/CDbCommand.php:275)
Stack trace:
#0 /Applications/MAMP/htdocs/shopping_cart/framework/db/schema/CDbCommandBuilder.php(100): CMysqlCommandBuilder->bindValues()
#1 /Applications/MAMP/htdocs/shopping_cart/framework/db/ar/CActiveRecord.php(1350): CMysqlCommandBuilder->createFindCommand()
#2 /Applications/MAMP/htdocs/shopping_cart/framework/db/ar/CActiveRecord.php(1470): ProductType->query()
#3 /Applications/MAMP/htdocs/shopping_cart/protected/views/backend/product/index.php(10): ProductType->findAll()
#4 /Applications/MAMP/htdocs/shopping_cart/framework/web/CBaseController.php(126): require()
#5 /Applications/MAMP/htdocs/shopping_cart/framework/web/CBaseController.php(95): ProductController->renderInternal()
#6 /Applications/MAMP/htdocs/shopping_cart/framework/web/CController.php(869): ProductController->renderFile()
#7 /Applications/MAMP/htdocs/shopping_cart/framework/web/CController.php(782): ProductController->renderPartial()
#8 /Applications/MAMP/htdocs/shopping_cart/protected/controllers/backend/ProductController.php(9): ProductController->render()
#9 /Applications/MAMP/htdocs/shopping_cart/framework/web/actions/CInlineAction.php(49): ProductController->actionIndex()
#10 /Applications/MAMP/htdocs/shopping_cart/framework/web/CController.php(308): CInlineAction->runWithParams()
#11 /Applications/MAMP/htdocs/shopping_cart/framework/web/CController.php(286): ProductController->runAction()
#12 /Applications/MAMP/htdocs/shopping_cart/framework/web/CController.php(265): ProductController->runActionWithFilters()
#13 /Applications/MAMP/htdocs/shopping_cart/framework/web/CWebApplication.php(282): ProductController->run()
#14 /Applications/MAMP/htdocs/shopping_cart/framework/web/CWebApplication.php(141): CWebApplication->runController()
#15 /Applications/MAMP/htdocs/shopping_cart/framework/base/CApplication.php(180): CWebApplication->processRequest()
#16 /Applications/MAMP/htdocs/shopping_cart/index.php(14): CWebApplication->run()
REQUEST_URI=/shopping_cart/index.php?r=backend/product/index
in /Applications/MAMP/htdocs/shopping_cart/protected/views/backend/product/index.php (10)
in /Applications/MAMP/htdocs/shopping_cart/protected/controllers/backend/ProductController.php (9)
in /Applications/MAMP/htdocs/shopping_cart/index.php (14)
2018/10/26 09:53:20 [error] [php] Undefined variable: sql (/Applications/MAMP/htdocs/shopping_cart/protected/views/backend/product/index.php:12)
Stack trace:
#0 /Applications/MAMP/htdocs/shopping_cart/framework/web/CController.php(869): ProductController->renderFile()
#1 /Applications/MAMP/htdocs/shopping_cart/framework/web/CController.php(782): ProductController->renderPartial()
#2 /Applications/MAMP/htdocs/shopping_cart/protected/controllers/backend/ProductController.php(9): ProductController->render()
#3 /Applications/MAMP/htdocs/shopping_cart/framework/web/actions/CInlineAction.php(49): ProductController->actionIndex()
#4 /Applications/MAMP/htdocs/shopping_cart/framework/web/CController.php(308): CInlineAction->runWithParams()
#5 /Applications/MAMP/htdocs/shopping_cart/framework/web/CController.php(286): ProductController->runAction()
#6 /Applications/MAMP/htdocs/shopping_cart/framework/web/CController.php(265): ProductController->runActionWithFilters()
#7 /Applications/MAMP/htdocs/shopping_cart/framework/web/CWebApplication.php(282): ProductController->run()
#8 /Applications/MAMP/htdocs/shopping_cart/framework/web/CWebApplication.php(141): CWebApplication->runController()
#9 /Applications/MAMP/htdocs/shopping_cart/framework/base/CApplication.php(180): CWebApplication->processRequest()
#10 /Applications/MAMP/htdocs/shopping_cart/index.php(14): CWebApplication->run()
REQUEST_URI=/shopping_cart/index.php?r=backend/product/index
in /Applications/MAMP/htdocs/shopping_cart/protected/views/backend/product/index.php (12)
in /Applications/MAMP/htdocs/shopping_cart/protected/controllers/backend/ProductController.php (9)
in /Applications/MAMP/htdocs/shopping_cart/index.php (14)
2018/10/26 09:53:31 [error] [php] Undefined variable: sumProductCat (/Applications/MAMP/htdocs/shopping_cart/protected/views/backend/product/index.php:17)
Stack trace:
#0 /Applications/MAMP/htdocs/shopping_cart/framework/web/CController.php(869): ProductController->renderFile()
#1 /Applications/MAMP/htdocs/shopping_cart/framework/web/CController.php(782): ProductController->renderPartial()
#2 /Applications/MAMP/htdocs/shopping_cart/protected/controllers/backend/ProductController.php(9): ProductController->render()
#3 /Applications/MAMP/htdocs/shopping_cart/framework/web/actions/CInlineAction.php(49): ProductController->actionIndex()
#4 /Applications/MAMP/htdocs/shopping_cart/framework/web/CController.php(308): CInlineAction->runWithParams()
#5 /Applications/MAMP/htdocs/shopping_cart/framework/web/CController.php(286): ProductController->runAction()
#6 /Applications/MAMP/htdocs/shopping_cart/framework/web/CController.php(265): ProductController->runActionWithFilters()
#7 /Applications/MAMP/htdocs/shopping_cart/framework/web/CWebApplication.php(282): ProductController->run()
#8 /Applications/MAMP/htdocs/shopping_cart/framework/web/CWebApplication.php(141): CWebApplication->runController()
#9 /Applications/MAMP/htdocs/shopping_cart/framework/base/CApplication.php(180): CWebApplication->processRequest()
#10 /Applications/MAMP/htdocs/shopping_cart/index.php(14): CWebApplication->run()
REQUEST_URI=/shopping_cart/index.php?r=backend/product/index
in /Applications/MAMP/htdocs/shopping_cart/protected/views/backend/product/index.php (17)
in /Applications/MAMP/htdocs/shopping_cart/protected/controllers/backend/ProductController.php (9)
in /Applications/MAMP/htdocs/shopping_cart/index.php (14)
2018/10/26 11:17:26 [error] [exception.CHttpException.400] exception 'CHttpException' with message 'Your request is invalid.' in /Applications/MAMP/htdocs/shopping_cart/framework/web/CController.php:336
Stack trace:
#0 /Applications/MAMP/htdocs/shopping_cart/framework/web/CController.php(309): CController->invalidActionParams(Object(CInlineAction))
#1 /Applications/MAMP/htdocs/shopping_cart/framework/web/CController.php(286): CController->runAction(Object(CInlineAction))
#2 /Applications/MAMP/htdocs/shopping_cart/framework/web/CController.php(265): CController->runActionWithFilters(Object(CInlineAction), Array)
#3 /Applications/MAMP/htdocs/shopping_cart/framework/web/CWebApplication.php(282): CController->run('getproduct')
#4 /Applications/MAMP/htdocs/shopping_cart/framework/web/CWebApplication.php(141): CWebApplication->runController('backend/product...')
#5 /Applications/MAMP/htdocs/shopping_cart/framework/base/CApplication.php(180): CWebApplication->processRequest()
#6 /Applications/MAMP/htdocs/shopping_cart/index.php(14): CApplication->run()
#7 {main}
REQUEST_URI=/shopping_cart/index.php?r=backend/product/getproduct&type_id=002
HTTP_REFERER=http://localhost/shopping_cart/index.php?r=backend/product/detail_product&product_id=P20181025092135
---
2018/10/26 11:21:37 [error] [system.db.CDbCommand] CDbCommand::fetchAll() failed: SQLSTATE[42000]: Syntax error or access violation: 1064 You have an error in your SQL syntax; check the manual that corresponds to your MySQL server version for the right syntax to use near 'WHERE status != '1' AND delete_flag != '1' ORDER BY id DESC' at line 1. The SQL statement executed was: SELECT * FROM product WHERE category = '1' WHERE status != '1' AND delete_flag != '1' ORDER BY id DESC.
in /Applications/MAMP/htdocs/shopping_cart/protected/models/Backend_product.php (222)
in /Applications/MAMP/htdocs/shopping_cart/protected/controllers/backend/ProductController.php (30)
in /Applications/MAMP/htdocs/shopping_cart/index.php (14)
2018/10/26 11:21:37 [error] [exception.CDbException] exception 'CDbException' with message 'CDbCommand failed to execute the SQL statement: SQLSTATE[42000]: Syntax error or access violation: 1064 You have an error in your SQL syntax; check the manual that corresponds to your MySQL server version for the right syntax to use near 'WHERE status != '1' AND delete_flag != '1' ORDER BY id DESC' at line 1. The SQL statement executed was: SELECT * FROM product WHERE category = '1' WHERE status != '1' AND delete_flag != '1' ORDER BY id DESC' in /Applications/MAMP/htdocs/shopping_cart/framework/db/CDbCommand.php:543
Stack trace:
#0 /Applications/MAMP/htdocs/shopping_cart/framework/db/CDbCommand.php(396): CDbCommand->queryInternal('fetchAll', Array, Array)
#1 /Applications/MAMP/htdocs/shopping_cart/protected/models/Backend_product.php(222): CDbCommand->queryAll()
#2 /Applications/MAMP/htdocs/shopping_cart/protected/controllers/backend/ProductController.php(30): Backend_Product->get_product_incategory('1')
#3 [internal function]: ProductController->actionCategory('1')
#4 /Applications/MAMP/htdocs/shopping_cart/framework/web/actions/CAction.php(108): ReflectionMethod->invokeArgs(Object(ProductController), Array)
#5 /Applications/MAMP/htdocs/shopping_cart/framework/web/actions/CInlineAction.php(47): CAction->runWithParamsInternal(Object(ProductController), Object(ReflectionMethod), Array)
#6 /Applications/MAMP/htdocs/shopping_cart/framework/web/CController.php(308): CInlineAction->runWithParams(Array)
#7 /Applications/MAMP/htdocs/shopping_cart/framework/web/CController.php(286): CController->runAction(Object(CInlineAction))
#8 /Applications/MAMP/htdocs/shopping_cart/framework/web/CController.php(265): CController->runActionWithFilters(Object(CInlineAction), Array)
#9 /Applications/MAMP/htdocs/shopping_cart/framework/web/CWebApplication.php(282): CController->run('category')
#10 /Applications/MAMP/htdocs/shopping_cart/framework/web/CWebApplication.php(141): CWebApplication->runController('backend/product...')
#11 /Applications/MAMP/htdocs/shopping_cart/framework/base/CApplication.php(180): CWebApplication->processRequest()
#12 /Applications/MAMP/htdocs/shopping_cart/index.php(14): CApplication->run()
#13 {main}
REQUEST_URI=/shopping_cart/index.php?r=backend/product/category&categoryID=1
HTTP_REFERER=http://localhost/shopping_cart/index.php?r=backend/product/getproduct&category=1&type=002
---
2018/10/26 11:22:03 [error] [php] Undefined variable: categoy (/Applications/MAMP/htdocs/shopping_cart/protected/views/backend/product/category.php:25)
Stack trace:
#0 /Applications/MAMP/htdocs/shopping_cart/framework/web/CController.php(869): ProductController->renderFile()
#1 /Applications/MAMP/htdocs/shopping_cart/framework/web/CController.php(782): ProductController->renderPartial()
#2 /Applications/MAMP/htdocs/shopping_cart/protected/controllers/backend/ProductController.php(31): ProductController->render()
#3 unknown(0): ProductController->actionCategory()
#4 /Applications/MAMP/htdocs/shopping_cart/framework/web/actions/CAction.php(108): ReflectionMethod->invokeArgs()
#5 /Applications/MAMP/htdocs/shopping_cart/framework/web/actions/CInlineAction.php(47): CInlineAction->runWithParamsInternal()
#6 /Applications/MAMP/htdocs/shopping_cart/framework/web/CController.php(308): CInlineAction->runWithParams()
#7 /Applications/MAMP/htdocs/shopping_cart/framework/web/CController.php(286): ProductController->runAction()
#8 /Applications/MAMP/htdocs/shopping_cart/framework/web/CController.php(265): ProductController->runActionWithFilters()
#9 /Applications/MAMP/htdocs/shopping_cart/framework/web/CWebApplication.php(282): ProductController->run()
#10 /Applications/MAMP/htdocs/shopping_cart/framework/web/CWebApplication.php(141): CWebApplication->runController()
#11 /Applications/MAMP/htdocs/shopping_cart/framework/base/CApplication.php(180): CWebApplication->processRequest()
#12 /Applications/MAMP/htdocs/shopping_cart/index.php(14): CWebApplication->run()
REQUEST_URI=/shopping_cart/index.php?r=backend/product/category&categoryID=1
in /Applications/MAMP/htdocs/shopping_cart/protected/views/backend/product/category.php (25)
in /Applications/MAMP/htdocs/shopping_cart/protected/controllers/backend/ProductController.php (31)
in /Applications/MAMP/htdocs/shopping_cart/index.php (14)
2018/10/26 11:26:08 [error] [exception.CHttpException.400] exception 'CHttpException' with message 'Your request is invalid.' in /Applications/MAMP/htdocs/shopping_cart/framework/web/CController.php:336
Stack trace:
#0 /Applications/MAMP/htdocs/shopping_cart/framework/web/CController.php(309): CController->invalidActionParams(Object(CInlineAction))
#1 /Applications/MAMP/htdocs/shopping_cart/framework/web/CController.php(286): CController->runAction(Object(CInlineAction))
#2 /Applications/MAMP/htdocs/shopping_cart/framework/web/CController.php(265): CController->runActionWithFilters(Object(CInlineAction), Array)
#3 /Applications/MAMP/htdocs/shopping_cart/framework/web/CWebApplication.php(282): CController->run('getproduct')
#4 /Applications/MAMP/htdocs/shopping_cart/framework/web/CWebApplication.php(141): CWebApplication->runController('backend/product...')
#5 /Applications/MAMP/htdocs/shopping_cart/framework/base/CApplication.php(180): CWebApplication->processRequest()
#6 /Applications/MAMP/htdocs/shopping_cart/index.php(14): CApplication->run()
#7 {main}
REQUEST_URI=/shopping_cart/index.php?r=backend/product/getproduct&type_id=001
HTTP_REFERER=http://localhost/shopping_cart/index.php?r=backend/product/detail_product&product_id=P20181025094618
---
2018/10/26 11:34:25 [error] [exception.CHttpException.404] exception 'CHttpException' with message 'The system is unable to find the requested action "brand".' in /Applications/MAMP/htdocs/shopping_cart/framework/web/CController.php:483
Stack trace:
#0 /Applications/MAMP/htdocs/shopping_cart/framework/web/CController.php(270): CController->missingAction('brand')
#1 /Applications/MAMP/htdocs/shopping_cart/framework/web/CWebApplication.php(282): CController->run('brand')
#2 /Applications/MAMP/htdocs/shopping_cart/framework/web/CWebApplication.php(141): CWebApplication->runController('backend/product...')
#3 /Applications/MAMP/htdocs/shopping_cart/framework/base/CApplication.php(180): CWebApplication->processRequest()
#4 /Applications/MAMP/htdocs/shopping_cart/index.php(14): CApplication->run()
#5 {main}
REQUEST_URI=/shopping_cart/index.php?r=backend/product/brand&brandID=1
HTTP_REFERER=http://localhost/shopping_cart/index.php?r=backend/product/index
---
2018/10/26 11:34:39 [error] [php] include(CategorBrandy.php): failed to open stream: No such file or directory (/Applications/MAMP/htdocs/shopping_cart/framework/YiiBase.php:427)
Stack trace:
#0 /Applications/MAMP/htdocs/shopping_cart/protected/controllers/backend/ProductController.php(37): spl_autoload_call()
#1 unknown(0): ProductController->actionBrand()
#2 /Applications/MAMP/htdocs/shopping_cart/framework/web/actions/CAction.php(108): ReflectionMethod->invokeArgs()
#3 /Applications/MAMP/htdocs/shopping_cart/framework/web/actions/CInlineAction.php(47): CInlineAction->runWithParamsInternal()
#4 /Applications/MAMP/htdocs/shopping_cart/framework/web/CController.php(308): CInlineAction->runWithParams()
#5 /Applications/MAMP/htdocs/shopping_cart/framework/web/CController.php(286): ProductController->runAction()
#6 /Applications/MAMP/htdocs/shopping_cart/framework/web/CController.php(265): ProductController->runActionWithFilters()
#7 /Applications/MAMP/htdocs/shopping_cart/framework/web/CWebApplication.php(282): ProductController->run()
#8 /Applications/MAMP/htdocs/shopping_cart/framework/web/CWebApplication.php(141): CWebApplication->runController()
#9 /Applications/MAMP/htdocs/shopping_cart/framework/base/CApplication.php(180): CWebApplication->processRequest()
#10 /Applications/MAMP/htdocs/shopping_cart/index.php(14): CWebApplication->run()
REQUEST_URI=/shopping_cart/index.php?r=backend/product/brand&brandID=1
in /Applications/MAMP/htdocs/shopping_cart/protected/controllers/backend/ProductController.php (37)
in /Applications/MAMP/htdocs/shopping_cart/index.php (14)
2018/10/26 11:35:43 [error] [exception.CHttpException.400] exception 'CHttpException' with message 'Your request is invalid.' in /Applications/MAMP/htdocs/shopping_cart/framework/web/CController.php:336
Stack trace:
#0 /Applications/MAMP/htdocs/shopping_cart/framework/web/CController.php(309): CController->invalidActionParams(Object(CInlineAction))
#1 /Applications/MAMP/htdocs/shopping_cart/framework/web/CController.php(286): CController->runAction(Object(CInlineAction))
#2 /Applications/MAMP/htdocs/shopping_cart/framework/web/CController.php(265): CController->runActionWithFilters(Object(CInlineAction), Array)
#3 /Applications/MAMP/htdocs/shopping_cart/framework/web/CWebApplication.php(282): CController->run('getproduct')
#4 /Applications/MAMP/htdocs/shopping_cart/framework/web/CWebApplication.php(141): CWebApplication->runController('backend/product...')
#5 /Applications/MAMP/htdocs/shopping_cart/framework/base/CApplication.php(180): CWebApplication->processRequest()
#6 /Applications/MAMP/htdocs/shopping_cart/index.php(14): CApplication->run()
#7 {main}
REQUEST_URI=/shopping_cart/index.php?r=backend/product/getproduct&type_id=003
HTTP_REFERER=http://localhost/shopping_cart/index.php?r=backend/product/detail_product&product_id=P20181026103638
---
2018/10/26 15:07:36 [error] [php] Undefined variable: product_model (/Applications/MAMP/htdocs/shopping_cart/protected/views/layouts/kstudio.php:334)
Stack trace:
#0 /Applications/MAMP/htdocs/shopping_cart/framework/web/CController.php(784): MainController->renderFile()
#1 /Applications/MAMP/htdocs/shopping_cart/protected/controllers/frontend/MainController.php(15): MainController->render()
#2 /Applications/MAMP/htdocs/shopping_cart/framework/web/actions/CInlineAction.php(49): MainController->actionIndex()
#3 /Applications/MAMP/htdocs/shopping_cart/framework/web/CController.php(308): CInlineAction->runWithParams()
#4 /Applications/MAMP/htdocs/shopping_cart/framework/web/CController.php(286): MainController->runAction()
#5 /Applications/MAMP/htdocs/shopping_cart/framework/web/CController.php(265): MainController->runActionWithFilters()
#6 /Applications/MAMP/htdocs/shopping_cart/framework/web/CWebApplication.php(282): MainController->run()
#7 /Applications/MAMP/htdocs/shopping_cart/framework/web/CWebApplication.php(141): CWebApplication->runController()
#8 /Applications/MAMP/htdocs/shopping_cart/framework/base/CApplication.php(180): CWebApplication->processRequest()
#9 /Applications/MAMP/htdocs/shopping_cart/index.php(14): CWebApplication->run()
REQUEST_URI=/shopping_cart/
in /Applications/MAMP/htdocs/shopping_cart/protected/views/layouts/kstudio.php (334)
in /Applications/MAMP/htdocs/shopping_cart/protected/controllers/frontend/MainController.php (15)
in /Applications/MAMP/htdocs/shopping_cart/index.php (14)
2018/10/26 15:12:23 [error] [exception.CHttpException.404] exception 'CHttpException' with message 'Unable to resolve the request "backend".' in /Applications/MAMP/htdocs/shopping_cart/framework/web/CWebApplication.php:286
Stack trace:
#0 /Applications/MAMP/htdocs/shopping_cart/framework/web/CWebApplication.php(141): CWebApplication->runController('backend')
#1 /Applications/MAMP/htdocs/shopping_cart/framework/base/CApplication.php(180): CWebApplication->processRequest()
#2 /Applications/MAMP/htdocs/shopping_cart/index.php(14): CApplication->run()
#3 {main}
REQUEST_URI=/shopping_cart/index.php?r=backend
---
2018/10/26 15:31:10 [error] [exception.CHttpException.400] exception 'CHttpException' with message 'Your request is invalid.' in /Applications/MAMP/htdocs/shopping_cart/framework/web/CController.php:336
Stack trace:
#0 /Applications/MAMP/htdocs/shopping_cart/framework/web/CController.php(309): CController->invalidActionParams(Object(CInlineAction))
#1 /Applications/MAMP/htdocs/shopping_cart/framework/web/CController.php(286): CController->runAction(Object(CInlineAction))
#2 /Applications/MAMP/htdocs/shopping_cart/framework/web/CController.php(265): CController->runActionWithFilters(Object(CInlineAction), Array)
#3 /Applications/MAMP/htdocs/shopping_cart/framework/web/CWebApplication.php(282): CController->run('getproduct')
#4 /Applications/MAMP/htdocs/shopping_cart/framework/web/CWebApplication.php(141): CWebApplication->runController('backend/product...')
#5 /Applications/MAMP/htdocs/shopping_cart/framework/base/CApplication.php(180): CWebApplication->processRequest()
#6 /Applications/MAMP/htdocs/shopping_cart/index.php(14): CApplication->run()
#7 {main}
REQUEST_URI=/shopping_cart/index.php?r=backend/product/getproduct&type_id=001
HTTP_REFERER=http://localhost/shopping_cart/index.php?r=backend/product/detail_product&product_id=P20181025094618
---
2018/10/26 15:49:05 [error] [php] Missing argument 1 for ImageResize::__construct(), called in /Applications/MAMP/htdocs/shopping_cart/protected/controllers/backend/ImagesController.php on line 110 and defined (/Applications/MAMP/htdocs/shopping_cart/protected/components/ImageResize.php:100)
Stack trace:
#0 /Applications/MAMP/htdocs/shopping_cart/framework/web/actions/CInlineAction.php(49): ImagesController->actionUploadify()
#1 /Applications/MAMP/htdocs/shopping_cart/framework/web/CController.php(308): CInlineAction->runWithParams()
#2 /Applications/MAMP/htdocs/shopping_cart/framework/web/CController.php(286): ImagesController->runAction()
#3 /Applications/MAMP/htdocs/shopping_cart/framework/web/CController.php(265): ImagesController->runActionWithFilters()
#4 /Applications/MAMP/htdocs/shopping_cart/framework/web/CWebApplication.php(282): ImagesController->run()
#5 /Applications/MAMP/htdocs/shopping_cart/framework/web/CWebApplication.php(141): CWebApplication->runController()
#6 /Applications/MAMP/htdocs/shopping_cart/framework/base/CApplication.php(180): CWebApplication->processRequest()
#7 /Applications/MAMP/htdocs/shopping_cart/index.php(14): CWebApplication->run()
REQUEST_URI=/shopping_cart/index.php?r=backend/images/uploadify
in /Applications/MAMP/htdocs/shopping_cart/protected/components/ImageResize.php (100)
in /Applications/MAMP/htdocs/shopping_cart/protected/controllers/backend/ImagesController.php (110)
in /Applications/MAMP/htdocs/shopping_cart/protected/controllers/backend/ImagesController.php (83)
2018/10/26 15:52:44 [error] [php] Undefined variable: images_orig (/Applications/MAMP/htdocs/shopping_cart/protected/controllers/backend/ImagesController.php:111)
Stack trace:
#0 /Applications/MAMP/htdocs/shopping_cart/framework/web/CController.php(308): CInlineAction->runWithParams()
#1 /Applications/MAMP/htdocs/shopping_cart/framework/web/CController.php(286): ImagesController->runAction()
#2 /Applications/MAMP/htdocs/shopping_cart/framework/web/CController.php(265): ImagesController->runActionWithFilters()
#3 /Applications/MAMP/htdocs/shopping_cart/framework/web/CWebApplication.php(282): ImagesController->run()
#4 /Applications/MAMP/htdocs/shopping_cart/framework/web/CWebApplication.php(141): CWebApplication->runController()
#5 /Applications/MAMP/htdocs/shopping_cart/framework/base/CApplication.php(180): CWebApplication->processRequest()
#6 /Applications/MAMP/htdocs/shopping_cart/index.php(14): CWebApplication->run()
REQUEST_URI=/shopping_cart/index.php?r=backend/images/uploadify
in /Applications/MAMP/htdocs/shopping_cart/protected/controllers/backend/ImagesController.php (111)
in /Applications/MAMP/htdocs/shopping_cart/protected/controllers/backend/ImagesController.php (83)
in /Applications/MAMP/htdocs/shopping_cart/index.php (14)
2018/10/26 15:52:45 [error] [php] Undefined variable: images_orig (/Applications/MAMP/htdocs/shopping_cart/protected/controllers/backend/ImagesController.php:111)
Stack trace:
#0 /Applications/MAMP/htdocs/shopping_cart/framework/web/CController.php(308): CInlineAction->runWithParams()
#1 /Applications/MAMP/htdocs/shopping_cart/framework/web/CController.php(286): ImagesController->runAction()
#2 /Applications/MAMP/htdocs/shopping_cart/framework/web/CController.php(265): ImagesController->runActionWithFilters()
#3 /Applications/MAMP/htdocs/shopping_cart/framework/web/CWebApplication.php(282): ImagesController->run()
#4 /Applications/MAMP/htdocs/shopping_cart/framework/web/CWebApplication.php(141): CWebApplication->runController()
#5 /Applications/MAMP/htdocs/shopping_cart/framework/base/CApplication.php(180): CWebApplication->processRequest()
#6 /Applications/MAMP/htdocs/shopping_cart/index.php(14): CWebApplication->run()
REQUEST_URI=/shopping_cart/index.php?r=backend/images/uploadify
in /Applications/MAMP/htdocs/shopping_cart/protected/controllers/backend/ImagesController.php (111)
in /Applications/MAMP/htdocs/shopping_cart/protected/controllers/backend/ImagesController.php (83)
in /Applications/MAMP/htdocs/shopping_cart/index.php (14)
2018/10/26 15:52:46 [error] [php] Undefined variable: images_orig (/Applications/MAMP/htdocs/shopping_cart/protected/controllers/backend/ImagesController.php:111)
Stack trace:
#0 /Applications/MAMP/htdocs/shopping_cart/framework/web/CController.php(308): CInlineAction->runWithParams()
#1 /Applications/MAMP/htdocs/shopping_cart/framework/web/CController.php(286): ImagesController->runAction()
#2 /Applications/MAMP/htdocs/shopping_cart/framework/web/CController.php(265): ImagesController->runActionWithFilters()
#3 /Applications/MAMP/htdocs/shopping_cart/framework/web/CWebApplication.php(282): ImagesController->run()
#4 /Applications/MAMP/htdocs/shopping_cart/framework/web/CWebApplication.php(141): CWebApplication->runController()
#5 /Applications/MAMP/htdocs/shopping_cart/framework/base/CApplication.php(180): CWebApplication->processRequest()
#6 /Applications/MAMP/htdocs/shopping_cart/index.php(14): CWebApplication->run()
REQUEST_URI=/shopping_cart/index.php?r=backend/images/uploadify
in /Applications/MAMP/htdocs/shopping_cart/protected/controllers/backend/ImagesController.php (111)
in /Applications/MAMP/htdocs/shopping_cart/protected/controllers/backend/ImagesController.php (83)
in /Applications/MAMP/htdocs/shopping_cart/index.php (14)
